{"/Users/mac/Documents/TUS/Agile Build & Delivery/campus-event-planner/frontend/src/api.ts": {"path":"/Users/mac/Documents/TUS/Agile Build & Delivery/campus-event-planner/frontend/src/api.ts","statementMap":{"0":{"start":{"line":2,"column":2},"end":{"line":2,"column":null}},"1":{"start":{"line":23,"column":2},"end":{"line":35,"column":null}},"2":{"start":{"line":24,"column":21},"end":{"line":29,"column":null}},"3":{"start":{"line":31,"column":4},"end":{"line":31,"column":null}},"4":{"start":{"line":33,"column":4},"end":{"line":33,"column":null}},"5":{"start":{"line":34,"column":4},"end":{"line":34,"column":null}},"6":{"start":{"line":40,"column":2},"end":{"line":40,"column":null}},"7":{"start":{"line":45,"column":2},"end":{"line":45,"column":null}},"8":{"start":{"line":50,"column":2},"end":{"line":50,"column":null}},"9":{"start":{"line":58,"column":2},"end":{"line":65,"column":null}},"10":{"start":{"line":59,"column":4},"end":{"line":64,"column":null}},"11":{"start":{"line":60,"column":19},"end":{"line":60,"column":null}},"12":{"start":{"line":61,"column":6},"end":{"line":61,"column":null}},"13":{"start":{"line":63,"column":6},"end":{"line":63,"column":null}},"14":{"start":{"line":66,"column":2},"end":{"line":66,"column":null}},"15":{"start":{"line":72,"column":4},"end":{"line":74,"column":null}},"16":{"start":{"line":75,"column":2},"end":{"line":75,"column":null}},"17":{"start":{"line":76,"column":2},"end":{"line":76,"column":null}},"18":{"start":{"line":82,"column":15},"end":{"line":82,"column":null}},"19":{"start":{"line":84,"column":18},"end":{"line":84,"column":null}},"20":{"start":{"line":86,"column":2},"end":{"line":102,"column":null}},"21":{"start":{"line":99,"column":93},"end":{"line":99,"column":101}},"22":{"start":{"line":113,"column":2},"end":{"line":119,"column":null}},"23":{"start":{"line":115,"column":17},"end":{"line":115,"column":null}},"24":{"start":{"line":116,"column":4},"end":{"line":116,"column":null}},"25":{"start":{"line":118,"column":4},"end":{"line":118,"column":null}},"26":{"start":{"line":123,"column":22},"end":{"line":123,"column":null}},"27":{"start":{"line":124,"column":19},"end":{"line":124,"column":null}},"28":{"start":{"line":125,"column":16},"end":{"line":125,"column":null}},"29":{"start":{"line":127,"column":2},"end":{"line":141,"column":null}},"30":{"start":{"line":151,"column":2},"end":{"line":171,"column":null}},"31":{"start":{"line":152,"column":21},"end":{"line":158,"column":null}},"32":{"start":{"line":160,"column":4},"end":{"line":166,"column":null}},"33":{"start":{"line":161,"column":27},"end":{"line":164,"column":null}},"34":{"start":{"line":165,"column":6},"end":{"line":165,"column":null}},"35":{"start":{"line":168,"column":4},"end":{"line":168,"column":null}},"36":{"start":{"line":170,"column":4},"end":{"line":170,"column":null}},"37":{"start":{"line":184,"column":2},"end":{"line":212,"column":null}},"38":{"start":{"line":185,"column":21},"end":{"line":191,"column":null}},"39":{"start":{"line":193,"column":4},"end":{"line":196,"column":null}},"40":{"start":{"line":194,"column":27},"end":{"line":194,"column":null}},"41":{"start":{"line":195,"column":6},"end":{"line":195,"column":null}},"42":{"start":{"line":198,"column":17},"end":{"line":198,"column":null}},"43":{"start":{"line":199,"column":4},"end":{"line":207,"column":null}},"44":{"start":{"line":200,"column":6},"end":{"line":200,"column":null}},"45":{"start":{"line":201,"column":6},"end":{"line":206,"column":null}},"46":{"start":{"line":209,"column":4},"end":{"line":209,"column":null}},"47":{"start":{"line":211,"column":4},"end":{"line":211,"column":null}},"48":{"start":{"line":216,"column":2},"end":{"line":216,"column":null}},"49":{"start":{"line":220,"column":2},"end":{"line":220,"column":null}},"50":{"start":{"line":226,"column":16},"end":{"line":226,"column":null}},"51":{"start":{"line":227,"column":2},"end":{"line":229,"column":null}},"52":{"start":{"line":228,"column":4},"end":{"line":228,"column":null}},"53":{"start":{"line":231,"column":2},"end":{"line":252,"column":null}},"54":{"start":{"line":232,"column":21},"end":{"line":239,"column":null}},"55":{"start":{"line":241,"column":4},"end":{"line":247,"column":null}},"56":{"start":{"line":242,"column":27},"end":{"line":245,"column":null}},"57":{"start":{"line":246,"column":6},"end":{"line":246,"column":null}},"58":{"start":{"line":249,"column":4},"end":{"line":249,"column":null}},"59":{"start":{"line":251,"column":4},"end":{"line":251,"column":null}},"60":{"start":{"line":268,"column":16},"end":{"line":268,"column":null}},"61":{"start":{"line":269,"column":2},"end":{"line":271,"column":null}},"62":{"start":{"line":270,"column":4},"end":{"line":270,"column":null}},"63":{"start":{"line":273,"column":2},"end":{"line":294,"column":null}},"64":{"start":{"line":274,"column":21},"end":{"line":280,"column":null}},"65":{"start":{"line":282,"column":4},"end":{"line":288,"column":null}},"66":{"start":{"line":283,"column":27},"end":{"line":286,"column":null}},"67":{"start":{"line":287,"column":6},"end":{"line":287,"column":null}},"68":{"start":{"line":290,"column":33},"end":{"line":290,"column":null}},"69":{"start":{"line":291,"column":4},"end":{"line":291,"column":null}},"70":{"start":{"line":293,"column":4},"end":{"line":293,"column":null}},"71":{"start":{"line":301,"column":16},"end":{"line":301,"column":null}},"72":{"start":{"line":302,"column":2},"end":{"line":304,"column":null}},"73":{"start":{"line":303,"column":4},"end":{"line":303,"column":null}},"74":{"start":{"line":306,"column":2},"end":{"line":327,"column":null}},"75":{"start":{"line":307,"column":21},"end":{"line":314,"column":null}},"76":{"start":{"line":316,"column":4},"end":{"line":322,"column":null}},"77":{"start":{"line":317,"column":27},"end":{"line":320,"column":null}},"78":{"start":{"line":321,"column":6},"end":{"line":321,"column":null}},"79":{"start":{"line":324,"column":4},"end":{"line":324,"column":null}},"80":{"start":{"line":326,"column":4},"end":{"line":326,"column":null}},"81":{"start":{"line":337,"column":2},"end":{"line":362,"column":null}},"82":{"start":{"line":338,"column":21},"end":{"line":343,"column":null}},"83":{"start":{"line":345,"column":4},"end":{"line":351,"column":null}},"84":{"start":{"line":346,"column":27},"end":{"line":349,"column":null}},"85":{"start":{"line":350,"column":6},"end":{"line":350,"column":null}},"86":{"start":{"line":353,"column":42},"end":{"line":353,"column":null}},"87":{"start":{"line":355,"column":4},"end":{"line":357,"column":null}},"88":{"start":{"line":356,"column":6},"end":{"line":356,"column":null}},"89":{"start":{"line":358,"column":27},"end":{"line":358,"column":null}},"90":{"start":{"line":359,"column":4},"end":{"line":359,"column":null}},"91":{"start":{"line":361,"column":4},"end":{"line":361,"column":null}},"92":{"start":{"line":368,"column":2},"end":{"line":389,"column":null}},"93":{"start":{"line":369,"column":21},"end":{"line":374,"column":null}},"94":{"start":{"line":376,"column":4},"end":{"line":382,"column":null}},"95":{"start":{"line":377,"column":27},"end":{"line":380,"column":null}},"96":{"start":{"line":381,"column":6},"end":{"line":381,"column":null}},"97":{"start":{"line":384,"column":39},"end":{"line":384,"column":null}},"98":{"start":{"line":385,"column":26},"end":{"line":385,"column":null}},"99":{"start":{"line":386,"column":4},"end":{"line":386,"column":null}},"100":{"start":{"line":388,"column":4},"end":{"line":388,"column":null}},"101":{"start":{"line":395,"column":16},"end":{"line":395,"column":null}},"102":{"start":{"line":396,"column":2},"end":{"line":398,"column":null}},"103":{"start":{"line":397,"column":4},"end":{"line":397,"column":null}},"104":{"start":{"line":400,"column":2},"end":{"line":455,"column":null}},"105":{"start":{"line":401,"column":25},"end":{"line":401,"column":null}},"106":{"start":{"line":404,"column":29},"end":{"line":415,"column":null}},"107":{"start":{"line":418,"column":4},"end":{"line":420,"column":null}},"108":{"start":{"line":419,"column":6},"end":{"line":419,"column":null}},"109":{"start":{"line":422,"column":21},"end":{"line":429,"column":null}},"110":{"start":{"line":431,"column":4},"end":{"line":437,"column":null}},"111":{"start":{"line":432,"column":27},"end":{"line":435,"column":null}},"112":{"start":{"line":436,"column":6},"end":{"line":436,"column":null}},"113":{"start":{"line":439,"column":17},"end":{"line":439,"column":null}},"114":{"start":{"line":440,"column":4},"end":{"line":443,"column":null}},"115":{"start":{"line":441,"column":28},"end":{"line":441,"column":null}},"116":{"start":{"line":442,"column":6},"end":{"line":442,"column":null}},"117":{"start":{"line":445,"column":24},"end":{"line":445,"column":null}},"118":{"start":{"line":446,"column":4},"end":{"line":446,"column":null}},"119":{"start":{"line":447,"column":4},"end":{"line":450,"column":null}},"120":{"start":{"line":449,"column":6},"end":{"line":449,"column":null}},"121":{"start":{"line":451,"column":4},"end":{"line":451,"column":null}},"122":{"start":{"line":452,"column":4},"end":{"line":452,"column":null}},"123":{"start":{"line":454,"column":4},"end":{"line":454,"column":null}},"124":{"start":{"line":462,"column":16},"end":{"line":462,"column":null}},"125":{"start":{"line":463,"column":2},"end":{"line":465,"column":null}},"126":{"start":{"line":464,"column":4},"end":{"line":464,"column":null}},"127":{"start":{"line":467,"column":2},"end":{"line":537,"column":null}},"128":{"start":{"line":468,"column":25},"end":{"line":468,"column":null}},"129":{"start":{"line":472,"column":29},"end":{"line":483,"column":null}},"130":{"start":{"line":486,"column":4},"end":{"line":488,"column":null}},"131":{"start":{"line":487,"column":6},"end":{"line":487,"column":null}},"132":{"start":{"line":491,"column":4},"end":{"line":499,"column":null}},"133":{"start":{"line":492,"column":6},"end":{"line":497,"column":null}},"134":{"start":{"line":498,"column":6},"end":{"line":498,"column":null}},"135":{"start":{"line":501,"column":4},"end":{"line":501,"column":null}},"136":{"start":{"line":502,"column":4},"end":{"line":502,"column":null}},"137":{"start":{"line":504,"column":21},"end":{"line":511,"column":null}},"138":{"start":{"line":513,"column":4},"end":{"line":532,"column":null}},"139":{"start":{"line":515,"column":25},"end":{"line":518,"column":null}},"140":{"start":{"line":521,"column":6},"end":{"line":529,"column":null}},"141":{"start":{"line":522,"column":26},"end":{"line":522,"column":null}},"142":{"start":{"line":523,"column":8},"end":{"line":523,"column":null}},"143":{"start":{"line":524,"column":8},"end":{"line":526,"column":null}},"144":{"start":{"line":525,"column":10},"end":{"line":525,"column":null}},"145":{"start":{"line":528,"column":8},"end":{"line":528,"column":null}},"146":{"start":{"line":531,"column":6},"end":{"line":531,"column":null}},"147":{"start":{"line":534,"column":4},"end":{"line":534,"column":null}},"148":{"start":{"line":536,"column":4},"end":{"line":536,"column":null}},"149":{"start":{"line":543,"column":16},"end":{"line":543,"column":null}},"150":{"start":{"line":544,"column":2},"end":{"line":546,"column":null}},"151":{"start":{"line":545,"column":4},"end":{"line":545,"column":null}},"152":{"start":{"line":548,"column":2},"end":{"line":568,"column":null}},"153":{"start":{"line":549,"column":21},"end":{"line":555,"column":null}},"154":{"start":{"line":557,"column":4},"end":{"line":563,"column":null}},"155":{"start":{"line":558,"column":27},"end":{"line":561,"column":null}},"156":{"start":{"line":562,"column":6},"end":{"line":562,"column":null}},"157":{"start":{"line":565,"column":4},"end":{"line":565,"column":null}},"158":{"start":{"line":567,"column":4},"end":{"line":567,"column":null}},"159":{"start":{"line":581,"column":2},"end":{"line":605,"column":null}},"160":{"start":{"line":582,"column":18},"end":{"line":582,"column":null}},"161":{"start":{"line":583,"column":4},"end":{"line":585,"column":null}},"162":{"start":{"line":584,"column":6},"end":{"line":584,"column":null}},"163":{"start":{"line":587,"column":21},"end":{"line":594,"column":null}},"164":{"start":{"line":596,"column":4},"end":{"line":599,"column":null}},"165":{"start":{"line":597,"column":27},"end":{"line":597,"column":null}},"166":{"start":{"line":598,"column":6},"end":{"line":598,"column":null}},"167":{"start":{"line":601,"column":17},"end":{"line":601,"column":null}},"168":{"start":{"line":602,"column":4},"end":{"line":602,"column":null}},"169":{"start":{"line":604,"column":4},"end":{"line":604,"column":null}},"170":{"start":{"line":609,"column":2},"end":{"line":632,"column":null}},"171":{"start":{"line":610,"column":18},"end":{"line":610,"column":null}},"172":{"start":{"line":611,"column":4},"end":{"line":613,"column":null}},"173":{"start":{"line":612,"column":6},"end":{"line":612,"column":null}},"174":{"start":{"line":615,"column":21},"end":{"line":621,"column":null}},"175":{"start":{"line":623,"column":4},"end":{"line":626,"column":null}},"176":{"start":{"line":624,"column":27},"end":{"line":624,"column":null}},"177":{"start":{"line":625,"column":6},"end":{"line":625,"column":null}},"178":{"start":{"line":628,"column":17},"end":{"line":628,"column":null}},"179":{"start":{"line":629,"column":4},"end":{"line":629,"column":null}},"180":{"start":{"line":631,"column":4},"end":{"line":631,"column":null}},"181":{"start":{"line":636,"column":2},"end":{"line":659,"column":null}},"182":{"start":{"line":637,"column":18},"end":{"line":637,"column":null}},"183":{"start":{"line":638,"column":4},"end":{"line":640,"column":null}},"184":{"start":{"line":639,"column":6},"end":{"line":639,"column":null}},"185":{"start":{"line":642,"column":21},"end":{"line":648,"column":null}},"186":{"start":{"line":650,"column":4},"end":{"line":653,"column":null}},"187":{"start":{"line":651,"column":27},"end":{"line":651,"column":null}},"188":{"start":{"line":652,"column":6},"end":{"line":652,"column":null}},"189":{"start":{"line":655,"column":17},"end":{"line":655,"column":null}},"190":{"start":{"line":656,"column":4},"end":{"line":656,"column":null}},"191":{"start":{"line":658,"column":4},"end":{"line":658,"column":null}},"192":{"start":{"line":663,"column":2},"end":{"line":680,"column":null}},"193":{"start":{"line":664,"column":21},"end":{"line":669,"column":null}},"194":{"start":{"line":671,"column":4},"end":{"line":674,"column":null}},"195":{"start":{"line":672,"column":27},"end":{"line":672,"column":null}},"196":{"start":{"line":673,"column":6},"end":{"line":673,"column":null}},"197":{"start":{"line":676,"column":17},"end":{"line":676,"column":null}},"198":{"start":{"line":677,"column":4},"end":{"line":677,"column":null}},"199":{"start":{"line":679,"column":4},"end":{"line":679,"column":null}}},"fnMap":{"0":{"name":"checkBackendHealth","decl":{"start":{"line":22,"column":22},"end":{"line":22,"column":61}},"loc":{"start":{"line":22,"column":61},"end":{"line":36,"column":null}},"line":22},"1":{"name":"getAuthToken","decl":{"start":{"line":39,"column":9},"end":{"line":39,"column":39}},"loc":{"start":{"line":39,"column":39},"end":{"line":41,"column":null}},"line":39},"2":{"name":"setAuthToken","decl":{"start":{"line":44,"column":9},"end":{"line":44,"column":22}},"loc":{"start":{"line":44,"column":43},"end":{"line":46,"column":null}},"line":44},"3":{"name":"removeAuthToken","decl":{"start":{"line":49,"column":9},"end":{"line":49,"column":33}},"loc":{"start":{"line":49,"column":33},"end":{"line":51,"column":null}},"line":49},"4":{"name":"handleApiError","decl":{"start":{"line":54,"column":15},"end":{"line":54,"column":null}},"loc":{"start":{"line":57,"column":19},"end":{"line":67,"column":null}},"line":57},"5":{"name":"handleNetworkError","decl":{"start":{"line":70,"column":9},"end":{"line":70,"column":28}},"loc":{"start":{"line":70,"column":71},"end":{"line":77,"column":null}},"line":70},"6":{"name":"backendToFrontendEvent","decl":{"start":{"line":80,"column":9},"end":{"line":80,"column":32}},"loc":{"start":{"line":80,"column":57},"end":{"line":103,"column":null}},"line":80},"7":{"name":"(anonymous_7)","decl":{"start":{"line":99,"column":88},"end":{"line":99,"column":93}},"loc":{"start":{"line":99,"column":93},"end":{"line":99,"column":101}},"line":99},"8":{"name":"frontendToBackendEvent","decl":{"start":{"line":106,"column":9},"end":{"line":106,"column":null}},"loc":{"start":{"line":109,"column":25},"end":{"line":142,"column":null}},"line":109},"9":{"name":"register","decl":{"start":{"line":146,"column":22},"end":{"line":146,"column":null}},"loc":{"start":{"line":150,"column":44},"end":{"line":172,"column":null}},"line":150},"10":{"name":"login","decl":{"start":{"line":174,"column":22},"end":{"line":174,"column":null}},"loc":{"start":{"line":183,"column":3},"end":{"line":213,"column":null}},"line":183},"11":{"name":"logout","decl":{"start":{"line":215,"column":16},"end":{"line":215,"column":31}},"loc":{"start":{"line":215,"column":31},"end":{"line":217,"column":null}},"line":215},"12":{"name":"getAuthTokenFromStorage","decl":{"start":{"line":219,"column":16},"end":{"line":219,"column":57}},"loc":{"start":{"line":219,"column":57},"end":{"line":221,"column":null}},"line":219},"13":{"name":"updatePassword","decl":{"start":{"line":223,"column":22},"end":{"line":223,"column":null}},"loc":{"start":{"line":225,"column":44},"end":{"line":253,"column":null}},"line":225},"14":{"name":"getUserProfile","decl":{"start":{"line":263,"column":22},"end":{"line":263,"column":null}},"loc":{"start":{"line":267,"column":3},"end":{"line":295,"column":null}},"line":267},"15":{"name":"updateUserProfile","decl":{"start":{"line":297,"column":22},"end":{"line":297,"column":null}},"loc":{"start":{"line":300,"column":44},"end":{"line":328,"column":null}},"line":300},"16":{"name":"getEvents","decl":{"start":{"line":332,"column":22},"end":{"line":332,"column":null}},"loc":{"start":{"line":336,"column":3},"end":{"line":363,"column":null}},"line":336},"17":{"name":"getEvent","decl":{"start":{"line":365,"column":22},"end":{"line":365,"column":null}},"loc":{"start":{"line":367,"column":59},"end":{"line":390,"column":null}},"line":367},"18":{"name":"createEvent","decl":{"start":{"line":392,"column":22},"end":{"line":392,"column":null}},"loc":{"start":{"line":394,"column":59},"end":{"line":456,"column":null}},"line":394},"19":{"name":"updateEvent","decl":{"start":{"line":458,"column":22},"end":{"line":458,"column":null}},"loc":{"start":{"line":461,"column":44},"end":{"line":538,"column":null}},"line":461},"20":{"name":"deleteEvent","decl":{"start":{"line":540,"column":22},"end":{"line":540,"column":null}},"loc":{"start":{"line":542,"column":44},"end":{"line":569,"column":null}},"line":542},"21":{"name":"registerForEvent","decl":{"start":{"line":580,"column":22},"end":{"line":580,"column":39}},"loc":{"start":{"line":580,"column":154},"end":{"line":606,"column":null}},"line":580},"22":{"name":"unregisterFromEvent","decl":{"start":{"line":608,"column":22},"end":{"line":608,"column":42}},"loc":{"start":{"line":608,"column":135},"end":{"line":633,"column":null}},"line":608},"23":{"name":"checkEventRegistration","decl":{"start":{"line":635,"column":22},"end":{"line":635,"column":45}},"loc":{"start":{"line":635,"column":138},"end":{"line":660,"column":null}},"line":635},"24":{"name":"getEventRegistrationCount","decl":{"start":{"line":662,"column":22},"end":{"line":662,"column":48}},"loc":{"start":{"line":662,"column":152},"end":{"line":681,"column":null}},"line":662}},"branchMap":{"0":{"loc":{"start":{"line":2,"column":2},"end":{"line":2,"column":null}},"type":"binary-expr","locations":[{"start":{"line":2,"column":2},"end":{"line":2,"column":39}},{"start":{"line":2,"column":39},"end":{"line":2,"column":null}}],"line":2},"1":{"loc":{"start":{"line":58,"column":2},"end":{"line":65,"column":null}},"type":"if","locations":[{"start":{"line":58,"column":2},"end":{"line":65,"column":null}},{"start":{},"end":{}}],"line":58},"2":{"loc":{"start":{"line":61,"column":13},"end":{"line":61,"column":null}},"type":"binary-expr","locations":[{"start":{"line":61,"column":13},"end":{"line":61,"column":29}},{"start":{"line":61,"column":29},"end":{"line":61,"column":null}}],"line":61},"3":{"loc":{"start":{"line":72,"column":4},"end":{"line":74,"column":null}},"type":"cond-expr","locations":[{"start":{"line":73,"column":8},"end":{"line":73,"column":null}},{"start":{"line":74,"column":8},"end":{"line":74,"column":null}}],"line":72},"4":{"loc":{"start":{"line":97,"column":7},"end":{"line":97,"column":null}},"type":"binary-expr","locations":[{"start":{"line":97,"column":7},"end":{"line":97,"column":63}},{"start":{"line":97,"column":63},"end":{"line":97,"column":null}}],"line":97},"5":{"loc":{"start":{"line":99,"column":15},"end":{"line":99,"column":null}},"type":"cond-expr","locations":[{"start":{"line":99,"column":31},"end":{"line":99,"column":121}},{"start":{"line":99,"column":121},"end":{"line":99,"column":null}}],"line":99},"6":{"loc":{"start":{"line":99,"column":31},"end":{"line":99,"column":121}},"type":"cond-expr","locations":[{"start":{"line":99,"column":60},"end":{"line":99,"column":105}},{"start":{"line":99,"column":105},"end":{"line":99,"column":121}}],"line":99},"7":{"loc":{"start":{"line":100,"column":22},"end":{"line":100,"column":null}},"type":"binary-expr","locations":[{"start":{"line":100,"column":22},"end":{"line":100,"column":45}},{"start":{"line":100,"column":45},"end":{"line":100,"column":null}}],"line":100},"8":{"loc":{"start":{"line":113,"column":2},"end":{"line":119,"column":null}},"type":"if","locations":[{"start":{"line":113,"column":2},"end":{"line":119,"column":null}},{"start":{"line":117,"column":9},"end":{"line":119,"column":null}}],"line":113},"9":{"loc":{"start":{"line":123,"column":22},"end":{"line":123,"column":null}},"type":"binary-expr","locations":[{"start":{"line":123,"column":22},"end":{"line":123,"column":48}},{"start":{"line":123,"column":48},"end":{"line":123,"column":null}}],"line":123},"10":{"loc":{"start":{"line":124,"column":19},"end":{"line":124,"column":null}},"type":"binary-expr","locations":[{"start":{"line":124,"column":19},"end":{"line":124,"column":42}},{"start":{"line":124,"column":42},"end":{"line":124,"column":null}}],"line":124},"11":{"loc":{"start":{"line":125,"column":16},"end":{"line":125,"column":null}},"type":"binary-expr","locations":[{"start":{"line":125,"column":16},"end":{"line":125,"column":36}},{"start":{"line":125,"column":36},"end":{"line":125,"column":null}}],"line":125},"12":{"loc":{"start":{"line":132,"column":12},"end":{"line":132,"column":null}},"type":"binary-expr","locations":[{"start":{"line":132,"column":12},"end":{"line":132,"column":22}},{"start":{"line":132,"column":22},"end":{"line":132,"column":null}}],"line":132},"13":{"loc":{"start":{"line":133,"column":15},"end":{"line":133,"column":null}},"type":"binary-expr","locations":[{"start":{"line":133,"column":15},"end":{"line":133,"column":31}},{"start":{"line":133,"column":31},"end":{"line":133,"column":null}}],"line":133},"14":{"loc":{"start":{"line":134,"column":11},"end":{"line":134,"column":null}},"type":"binary-expr","locations":[{"start":{"line":134,"column":11},"end":{"line":134,"column":23}},{"start":{"line":134,"column":23},"end":{"line":134,"column":null}}],"line":134},"15":{"loc":{"start":{"line":136,"column":14},"end":{"line":136,"column":null}},"type":"binary-expr","locations":[{"start":{"line":136,"column":14},"end":{"line":136,"column":29}},{"start":{"line":136,"column":29},"end":{"line":136,"column":null}}],"line":136},"16":{"loc":{"start":{"line":139,"column":15},"end":{"line":139,"column":null}},"type":"cond-expr","locations":[{"start":{"line":139,"column":45},"end":{"line":139,"column":71}},{"start":{"line":139,"column":71},"end":{"line":139,"column":null}}],"line":139},"17":{"loc":{"start":{"line":139,"column":71},"end":{"line":139,"column":null}},"type":"binary-expr","locations":[{"start":{"line":139,"column":71},"end":{"line":139,"column":87}},{"start":{"line":139,"column":87},"end":{"line":139,"column":null}}],"line":139},"18":{"loc":{"start":{"line":140,"column":22},"end":{"line":140,"column":null}},"type":"binary-expr","locations":[{"start":{"line":140,"column":22},"end":{"line":140,"column":45}},{"start":{"line":140,"column":45},"end":{"line":140,"column":null}}],"line":140},"19":{"loc":{"start":{"line":160,"column":4},"end":{"line":166,"column":null}},"type":"if","locations":[{"start":{"line":160,"column":4},"end":{"line":166,"column":null}},{"start":{},"end":{}}],"line":160},"20":{"loc":{"start":{"line":193,"column":4},"end":{"line":196,"column":null}},"type":"if","locations":[{"start":{"line":193,"column":4},"end":{"line":196,"column":null}},{"start":{},"end":{}}],"line":193},"21":{"loc":{"start":{"line":199,"column":4},"end":{"line":207,"column":null}},"type":"if","locations":[{"start":{"line":199,"column":4},"end":{"line":207,"column":null}},{"start":{},"end":{}}],"line":199},"22":{"loc":{"start":{"line":204,"column":14},"end":{"line":204,"column":null}},"type":"binary-expr","locations":[{"start":{"line":204,"column":14},"end":{"line":204,"column":27}},{"start":{"line":204,"column":27},"end":{"line":204,"column":null}}],"line":204},"23":{"loc":{"start":{"line":205,"column":15},"end":{"line":205,"column":null}},"type":"binary-expr","locations":[{"start":{"line":205,"column":15},"end":{"line":205,"column":29}},{"start":{"line":205,"column":29},"end":{"line":205,"column":null}}],"line":205},"24":{"loc":{"start":{"line":227,"column":2},"end":{"line":229,"column":null}},"type":"if","locations":[{"start":{"line":227,"column":2},"end":{"line":229,"column":null}},{"start":{},"end":{}}],"line":227},"25":{"loc":{"start":{"line":241,"column":4},"end":{"line":247,"column":null}},"type":"if","locations":[{"start":{"line":241,"column":4},"end":{"line":247,"column":null}},{"start":{},"end":{}}],"line":241},"26":{"loc":{"start":{"line":269,"column":2},"end":{"line":271,"column":null}},"type":"if","locations":[{"start":{"line":269,"column":2},"end":{"line":271,"column":null}},{"start":{},"end":{}}],"line":269},"27":{"loc":{"start":{"line":282,"column":4},"end":{"line":288,"column":null}},"type":"if","locations":[{"start":{"line":282,"column":4},"end":{"line":288,"column":null}},{"start":{},"end":{}}],"line":282},"28":{"loc":{"start":{"line":302,"column":2},"end":{"line":304,"column":null}},"type":"if","locations":[{"start":{"line":302,"column":2},"end":{"line":304,"column":null}},{"start":{},"end":{}}],"line":302},"29":{"loc":{"start":{"line":316,"column":4},"end":{"line":322,"column":null}},"type":"if","locations":[{"start":{"line":316,"column":4},"end":{"line":322,"column":null}},{"start":{},"end":{}}],"line":316},"30":{"loc":{"start":{"line":345,"column":4},"end":{"line":351,"column":null}},"type":"if","locations":[{"start":{"line":345,"column":4},"end":{"line":351,"column":null}},{"start":{},"end":{}}],"line":345},"31":{"loc":{"start":{"line":355,"column":4},"end":{"line":357,"column":null}},"type":"if","locations":[{"start":{"line":355,"column":4},"end":{"line":357,"column":null}},{"start":{},"end":{}}],"line":355},"32":{"loc":{"start":{"line":355,"column":8},"end":{"line":355,"column":57}},"type":"binary-expr","locations":[{"start":{"line":355,"column":8},"end":{"line":355,"column":26}},{"start":{"line":355,"column":26},"end":{"line":355,"column":57}}],"line":355},"33":{"loc":{"start":{"line":376,"column":4},"end":{"line":382,"column":null}},"type":"if","locations":[{"start":{"line":376,"column":4},"end":{"line":382,"column":null}},{"start":{},"end":{}}],"line":376},"34":{"loc":{"start":{"line":396,"column":2},"end":{"line":398,"column":null}},"type":"if","locations":[{"start":{"line":396,"column":2},"end":{"line":398,"column":null}},{"start":{},"end":{}}],"line":396},"35":{"loc":{"start":{"line":405,"column":12},"end":{"line":405,"column":null}},"type":"binary-expr","locations":[{"start":{"line":405,"column":12},"end":{"line":405,"column":33}},{"start":{"line":405,"column":33},"end":{"line":405,"column":null}}],"line":405},"36":{"loc":{"start":{"line":406,"column":19},"end":{"line":406,"column":null}},"type":"binary-expr","locations":[{"start":{"line":406,"column":19},"end":{"line":406,"column":47}},{"start":{"line":406,"column":47},"end":{"line":406,"column":null}}],"line":406},"37":{"loc":{"start":{"line":407,"column":16},"end":{"line":407,"column":null}},"type":"binary-expr","locations":[{"start":{"line":407,"column":16},"end":{"line":407,"column":41}},{"start":{"line":407,"column":41},"end":{"line":407,"column":null}}],"line":407},"38":{"loc":{"start":{"line":409,"column":14},"end":{"line":409,"column":null}},"type":"binary-expr","locations":[{"start":{"line":409,"column":14},"end":{"line":409,"column":37}},{"start":{"line":409,"column":37},"end":{"line":409,"column":null}}],"line":409},"39":{"loc":{"start":{"line":410,"column":17},"end":{"line":410,"column":null}},"type":"binary-expr","locations":[{"start":{"line":410,"column":17},"end":{"line":410,"column":43}},{"start":{"line":410,"column":43},"end":{"line":410,"column":null}}],"line":410},"40":{"loc":{"start":{"line":411,"column":13},"end":{"line":411,"column":null}},"type":"binary-expr","locations":[{"start":{"line":411,"column":13},"end":{"line":411,"column":35}},{"start":{"line":411,"column":35},"end":{"line":411,"column":null}}],"line":411},"41":{"loc":{"start":{"line":412,"column":16},"end":{"line":412,"column":null}},"type":"binary-expr","locations":[{"start":{"line":412,"column":16},"end":{"line":412,"column":41}},{"start":{"line":412,"column":41},"end":{"line":412,"column":null}}],"line":412},"42":{"loc":{"start":{"line":413,"column":24},"end":{"line":413,"column":null}},"type":"binary-expr","locations":[{"start":{"line":413,"column":24},"end":{"line":413,"column":57}},{"start":{"line":413,"column":57},"end":{"line":413,"column":null}}],"line":413},"43":{"loc":{"start":{"line":414,"column":17},"end":{"line":414,"column":null}},"type":"binary-expr","locations":[{"start":{"line":414,"column":17},"end":{"line":414,"column":43}},{"start":{"line":414,"column":43},"end":{"line":414,"column":null}}],"line":414},"44":{"loc":{"start":{"line":418,"column":4},"end":{"line":420,"column":null}},"type":"if","locations":[{"start":{"line":418,"column":4},"end":{"line":420,"column":null}},{"start":{},"end":{}}],"line":418},"45":{"loc":{"start":{"line":418,"column":8},"end":{"line":418,"column":73}},"type":"binary-expr","locations":[{"start":{"line":418,"column":8},"end":{"line":418,"column":44}},{"start":{"line":418,"column":44},"end":{"line":418,"column":73}}],"line":418},"46":{"loc":{"start":{"line":431,"column":4},"end":{"line":437,"column":null}},"type":"if","locations":[{"start":{"line":431,"column":4},"end":{"line":437,"column":null}},{"start":{},"end":{}}],"line":431},"47":{"loc":{"start":{"line":440,"column":4},"end":{"line":443,"column":null}},"type":"if","locations":[{"start":{"line":440,"column":4},"end":{"line":443,"column":null}},{"start":{},"end":{}}],"line":440},"48":{"loc":{"start":{"line":447,"column":4},"end":{"line":450,"column":null}},"type":"if","locations":[{"start":{"line":447,"column":4},"end":{"line":450,"column":null}},{"start":{},"end":{}}],"line":447},"49":{"loc":{"start":{"line":447,"column":8},"end":{"line":447,"column":79}},"type":"binary-expr","locations":[{"start":{"line":447,"column":8},"end":{"line":447,"column":26}},{"start":{"line":447,"column":26},"end":{"line":447,"column":48}},{"start":{"line":447,"column":48},"end":{"line":447,"column":79}}],"line":447},"50":{"loc":{"start":{"line":463,"column":2},"end":{"line":465,"column":null}},"type":"if","locations":[{"start":{"line":463,"column":2},"end":{"line":465,"column":null}},{"start":{},"end":{}}],"line":463},"51":{"loc":{"start":{"line":473,"column":12},"end":{"line":473,"column":null}},"type":"binary-expr","locations":[{"start":{"line":473,"column":12},"end":{"line":473,"column":33}},{"start":{"line":473,"column":33},"end":{"line":473,"column":null}}],"line":473},"52":{"loc":{"start":{"line":474,"column":19},"end":{"line":474,"column":null}},"type":"binary-expr","locations":[{"start":{"line":474,"column":19},"end":{"line":474,"column":47}},{"start":{"line":474,"column":47},"end":{"line":474,"column":null}}],"line":474},"53":{"loc":{"start":{"line":475,"column":16},"end":{"line":475,"column":null}},"type":"binary-expr","locations":[{"start":{"line":475,"column":16},"end":{"line":475,"column":41}},{"start":{"line":475,"column":41},"end":{"line":475,"column":null}}],"line":475},"54":{"loc":{"start":{"line":477,"column":14},"end":{"line":477,"column":null}},"type":"binary-expr","locations":[{"start":{"line":477,"column":14},"end":{"line":477,"column":37}},{"start":{"line":477,"column":37},"end":{"line":477,"column":null}}],"line":477},"55":{"loc":{"start":{"line":478,"column":17},"end":{"line":478,"column":null}},"type":"binary-expr","locations":[{"start":{"line":478,"column":17},"end":{"line":478,"column":43}},{"start":{"line":478,"column":43},"end":{"line":478,"column":null}}],"line":478},"56":{"loc":{"start":{"line":479,"column":13},"end":{"line":479,"column":null}},"type":"binary-expr","locations":[{"start":{"line":479,"column":13},"end":{"line":479,"column":35}},{"start":{"line":479,"column":35},"end":{"line":479,"column":null}}],"line":479},"57":{"loc":{"start":{"line":480,"column":16},"end":{"line":480,"column":null}},"type":"binary-expr","locations":[{"start":{"line":480,"column":16},"end":{"line":480,"column":41}},{"start":{"line":480,"column":41},"end":{"line":480,"column":null}}],"line":480},"58":{"loc":{"start":{"line":481,"column":24},"end":{"line":481,"column":null}},"type":"binary-expr","locations":[{"start":{"line":481,"column":24},"end":{"line":481,"column":57}},{"start":{"line":481,"column":57},"end":{"line":481,"column":null}}],"line":481},"59":{"loc":{"start":{"line":482,"column":17},"end":{"line":482,"column":null}},"type":"binary-expr","locations":[{"start":{"line":482,"column":17},"end":{"line":482,"column":43}},{"start":{"line":482,"column":43},"end":{"line":482,"column":null}}],"line":482},"60":{"loc":{"start":{"line":486,"column":4},"end":{"line":488,"column":null}},"type":"if","locations":[{"start":{"line":486,"column":4},"end":{"line":488,"column":null}},{"start":{},"end":{}}],"line":486},"61":{"loc":{"start":{"line":486,"column":8},"end":{"line":486,"column":73}},"type":"binary-expr","locations":[{"start":{"line":486,"column":8},"end":{"line":486,"column":44}},{"start":{"line":486,"column":44},"end":{"line":486,"column":73}}],"line":486},"62":{"loc":{"start":{"line":491,"column":4},"end":{"line":499,"column":null}},"type":"if","locations":[{"start":{"line":491,"column":4},"end":{"line":499,"column":null}},{"start":{},"end":{}}],"line":491},"63":{"loc":{"start":{"line":491,"column":8},"end":{"line":491,"column":105}},"type":"binary-expr","locations":[{"start":{"line":491,"column":8},"end":{"line":491,"column":29}},{"start":{"line":491,"column":29},"end":{"line":491,"column":57}},{"start":{"line":491,"column":57},"end":{"line":491,"column":82}},{"start":{"line":491,"column":82},"end":{"line":491,"column":105}}],"line":491},"64":{"loc":{"start":{"line":513,"column":4},"end":{"line":532,"column":null}},"type":"if","locations":[{"start":{"line":513,"column":4},"end":{"line":532,"column":null}},{"start":{},"end":{}}],"line":513},"65":{"loc":{"start":{"line":524,"column":8},"end":{"line":526,"column":null}},"type":"if","locations":[{"start":{"line":524,"column":8},"end":{"line":526,"column":null}},{"start":{},"end":{}}],"line":524},"66":{"loc":{"start":{"line":544,"column":2},"end":{"line":546,"column":null}},"type":"if","locations":[{"start":{"line":544,"column":2},"end":{"line":546,"column":null}},{"start":{},"end":{}}],"line":544},"67":{"loc":{"start":{"line":557,"column":4},"end":{"line":563,"column":null}},"type":"if","locations":[{"start":{"line":557,"column":4},"end":{"line":563,"column":null}},{"start":{},"end":{}}],"line":557},"68":{"loc":{"start":{"line":580,"column":56},"end":{"line":580,"column":154}},"type":"default-arg","locations":[{"start":{"line":580,"column":75},"end":{"line":580,"column":154}}],"line":580},"69":{"loc":{"start":{"line":583,"column":4},"end":{"line":585,"column":null}},"type":"if","locations":[{"start":{"line":583,"column":4},"end":{"line":585,"column":null}},{"start":{},"end":{}}],"line":583},"70":{"loc":{"start":{"line":596,"column":4},"end":{"line":599,"column":null}},"type":"if","locations":[{"start":{"line":596,"column":4},"end":{"line":599,"column":null}},{"start":{},"end":{}}],"line":596},"71":{"loc":{"start":{"line":611,"column":4},"end":{"line":613,"column":null}},"type":"if","locations":[{"start":{"line":611,"column":4},"end":{"line":613,"column":null}},{"start":{},"end":{}}],"line":611},"72":{"loc":{"start":{"line":623,"column":4},"end":{"line":626,"column":null}},"type":"if","locations":[{"start":{"line":623,"column":4},"end":{"line":626,"column":null}},{"start":{},"end":{}}],"line":623},"73":{"loc":{"start":{"line":638,"column":4},"end":{"line":640,"column":null}},"type":"if","locations":[{"start":{"line":638,"column":4},"end":{"line":640,"column":null}},{"start":{},"end":{}}],"line":638},"74":{"loc":{"start":{"line":650,"column":4},"end":{"line":653,"column":null}},"type":"if","locations":[{"start":{"line":650,"column":4},"end":{"line":653,"column":null}},{"start":{},"end":{}}],"line":650},"75":{"loc":{"start":{"line":671,"column":4},"end":{"line":674,"column":null}},"type":"if","locations":[{"start":{"line":671,"column":4},"end":{"line":674,"column":null}},{"start":{},"end":{}}],"line":671}},"s":{"0":1,"1":3,"2":3,"3":2,"4":1,"5":1,"6":21,"7":1,"8":1,"9":4,"10":4,"11":4,"12":4,"13":0,"14":0,"15":3,"16":3,"17":3,"18":3,"19":3,"20":3,"21":0,"22":2,"23":2,"24":2,"25":0,"26":2,"27":2,"28":2,"29":2,"30":3,"31":3,"32":2,"33":1,"34":1,"35":1,"36":1,"37":3,"38":3,"39":3,"40":1,"41":1,"42":2,"43":2,"44":1,"45":1,"46":1,"47":0,"48":1,"49":2,"50":3,"51":3,"52":1,"53":2,"54":2,"55":2,"56":1,"57":1,"58":1,"59":0,"60":2,"61":2,"62":1,"63":1,"64":1,"65":1,"66":0,"67":0,"68":1,"69":1,"70":0,"71":2,"72":2,"73":1,"74":1,"75":1,"76":1,"77":0,"78":0,"79":1,"80":0,"81":3,"82":3,"83":2,"84":0,"85":0,"86":2,"87":2,"88":1,"89":1,"90":1,"91":1,"92":2,"93":2,"94":2,"95":1,"96":1,"97":1,"98":1,"99":1,"100":0,"101":2,"102":2,"103":1,"104":1,"105":1,"106":1,"107":2,"108":0,"109":1,"110":1,"111":0,"112":0,"113":1,"114":1,"115":1,"116":1,"117":0,"118":0,"119":0,"120":0,"121":0,"122":0,"123":0,"124":2,"125":2,"126":1,"127":1,"128":1,"129":1,"130":2,"131":0,"132":1,"133":0,"134":0,"135":1,"136":1,"137":1,"138":1,"139":0,"140":0,"141":0,"142":0,"143":0,"144":0,"145":0,"146":0,"147":1,"148":0,"149":2,"150":2,"151":1,"152":1,"153":1,"154":1,"155":0,"156":0,"157":1,"158":0,"159":2,"160":2,"161":2,"162":1,"163":1,"164":1,"165":0,"166":0,"167":1,"168":1,"169":0,"170":2,"171":2,"172":2,"173":1,"174":1,"175":1,"176":0,"177":0,"178":1,"179":1,"180":0,"181":2,"182":2,"183":2,"184":1,"185":1,"186":1,"187":0,"188":0,"189":1,"190":1,"191":0,"192":2,"193":2,"194":1,"195":0,"196":0,"197":1,"198":1,"199":1},"f":{"0":3,"1":21,"2":1,"3":1,"4":4,"5":3,"6":3,"7":0,"8":2,"9":3,"10":3,"11":1,"12":2,"13":3,"14":2,"15":2,"16":3,"17":2,"18":2,"19":2,"20":2,"21":2,"22":2,"23":2,"24":2},"b":{"0":[1,1],"1":[4,0],"2":[4,0],"3":[3,0],"4":[3,3],"5":[0,3],"6":[0,0],"7":[3,0],"8":[2,0],"9":[2,0],"10":[2,0],"11":[2,0],"12":[2,2],"13":[2,2],"14":[2,2],"15":[2,2],"16":[0,2],"17":[2,2],"18":[2,0],"19":[1,1],"20":[1,2],"21":[1,1],"22":[1,0],"23":[1,0],"24":[1,2],"25":[1,1],"26":[1,1],"27":[0,1],"28":[1,1],"29":[0,1],"30":[0,2],"31":[1,1],"32":[2,1],"33":[1,1],"34":[1,1],"35":[1,0],"36":[2,0],"37":[2,0],"38":[2,1],"39":[2,1],"40":[2,1],"41":[2,0],"42":[2,0],"43":[2,1],"44":[0,2],"45":[2,0],"46":[0,1],"47":[1,0],"48":[0,0],"49":[0,0,0],"50":[1,1],"51":[1,0],"52":[2,0],"53":[2,0],"54":[2,1],"55":[2,1],"56":[2,1],"57":[2,0],"58":[2,0],"59":[2,1],"60":[0,2],"61":[2,0],"62":[0,1],"63":[1,1,1,1],"64":[0,1],"65":[0,0],"66":[1,1],"67":[0,1],"68":[2],"69":[1,1],"70":[0,1],"71":[1,1],"72":[0,1],"73":[1,1],"74":[0,1],"75":[0,1]},"meta":{"lastBranch":76,"lastFunction":25,"lastStatement":200,"seen":{"s:2:2:2:Infinity":0,"b:2:2:2:39:2:39:2:Infinity":0,"f:22:22:22:61":0,"s:23:2:35:Infinity":1,"s:24:21:29:Infinity":2,"s:31:4:31:Infinity":3,"s:33:4:33:Infinity":4,"s:34:4:34:Infinity":5,"f:39:9:39:39":1,"s:40:2:40:Infinity":6,"f:44:9:44:22":2,"s:45:2:45:Infinity":7,"f:49:9:49:33":3,"s:50:2:50:Infinity":8,"f:54:15:54:Infinity":4,"b:58:2:65:Infinity:undefined:undefined:undefined:undefined":1,"s:58:2:65:Infinity":9,"s:59:4:64:Infinity":10,"s:60:19:60:Infinity":11,"s:61:6:61:Infinity":12,"b:61:13:61:29:61:29:61:Infinity":2,"s:63:6:63:Infinity":13,"s:66:2:66:Infinity":14,"f:70:9:70:28":5,"s:72:4:74:Infinity":15,"b:73:8:73:Infinity:74:8:74:Infinity":3,"s:75:2:75:Infinity":16,"s:76:2:76:Infinity":17,"f:80:9:80:32":6,"s:82:15:82:Infinity":18,"s:84:18:84:Infinity":19,"s:86:2:102:Infinity":20,"b:97:7:97:63:97:63:97:Infinity":4,"b:99:31:99:121:99:121:99:Infinity":5,"b:99:60:99:105:99:105:99:121":6,"f:99:88:99:93":7,"s:99:93:99:101":21,"b:100:22:100:45:100:45:100:Infinity":7,"f:106:9:106:Infinity":8,"b:113:2:119:Infinity:117:9:119:Infinity":8,"s:113:2:119:Infinity":22,"s:115:17:115:Infinity":23,"s:116:4:116:Infinity":24,"s:118:4:118:Infinity":25,"s:123:22:123:Infinity":26,"b:123:22:123:48:123:48:123:Infinity":9,"s:124:19:124:Infinity":27,"b:124:19:124:42:124:42:124:Infinity":10,"s:125:16:125:Infinity":28,"b:125:16:125:36:125:36:125:Infinity":11,"s:127:2:141:Infinity":29,"b:132:12:132:22:132:22:132:Infinity":12,"b:133:15:133:31:133:31:133:Infinity":13,"b:134:11:134:23:134:23:134:Infinity":14,"b:136:14:136:29:136:29:136:Infinity":15,"b:139:45:139:71:139:71:139:Infinity":16,"b:139:71:139:87:139:87:139:Infinity":17,"b:140:22:140:45:140:45:140:Infinity":18,"f:146:22:146:Infinity":9,"s:151:2:171:Infinity":30,"s:152:21:158:Infinity":31,"b:160:4:166:Infinity:undefined:undefined:undefined:undefined":19,"s:160:4:166:Infinity":32,"s:161:27:164:Infinity":33,"s:165:6:165:Infinity":34,"s:168:4:168:Infinity":35,"s:170:4:170:Infinity":36,"f:174:22:174:Infinity":10,"s:184:2:212:Infinity":37,"s:185:21:191:Infinity":38,"b:193:4:196:Infinity:undefined:undefined:undefined:undefined":20,"s:193:4:196:Infinity":39,"s:194:27:194:Infinity":40,"s:195:6:195:Infinity":41,"s:198:17:198:Infinity":42,"b:199:4:207:Infinity:undefined:undefined:undefined:undefined":21,"s:199:4:207:Infinity":43,"s:200:6:200:Infinity":44,"s:201:6:206:Infinity":45,"b:204:14:204:27:204:27:204:Infinity":22,"b:205:15:205:29:205:29:205:Infinity":23,"s:209:4:209:Infinity":46,"s:211:4:211:Infinity":47,"f:215:16:215:31":11,"s:216:2:216:Infinity":48,"f:219:16:219:57":12,"s:220:2:220:Infinity":49,"f:223:22:223:Infinity":13,"s:226:16:226:Infinity":50,"b:227:2:229:Infinity:undefined:undefined:undefined:undefined":24,"s:227:2:229:Infinity":51,"s:228:4:228:Infinity":52,"s:231:2:252:Infinity":53,"s:232:21:239:Infinity":54,"b:241:4:247:Infinity:undefined:undefined:undefined:undefined":25,"s:241:4:247:Infinity":55,"s:242:27:245:Infinity":56,"s:246:6:246:Infinity":57,"s:249:4:249:Infinity":58,"s:251:4:251:Infinity":59,"f:263:22:263:Infinity":14,"s:268:16:268:Infinity":60,"b:269:2:271:Infinity:undefined:undefined:undefined:undefined":26,"s:269:2:271:Infinity":61,"s:270:4:270:Infinity":62,"s:273:2:294:Infinity":63,"s:274:21:280:Infinity":64,"b:282:4:288:Infinity:undefined:undefined:undefined:undefined":27,"s:282:4:288:Infinity":65,"s:283:27:286:Infinity":66,"s:287:6:287:Infinity":67,"s:290:33:290:Infinity":68,"s:291:4:291:Infinity":69,"s:293:4:293:Infinity":70,"f:297:22:297:Infinity":15,"s:301:16:301:Infinity":71,"b:302:2:304:Infinity:undefined:undefined:undefined:undefined":28,"s:302:2:304:Infinity":72,"s:303:4:303:Infinity":73,"s:306:2:327:Infinity":74,"s:307:21:314:Infinity":75,"b:316:4:322:Infinity:undefined:undefined:undefined:undefined":29,"s:316:4:322:Infinity":76,"s:317:27:320:Infinity":77,"s:321:6:321:Infinity":78,"s:324:4:324:Infinity":79,"s:326:4:326:Infinity":80,"f:332:22:332:Infinity":16,"s:337:2:362:Infinity":81,"s:338:21:343:Infinity":82,"b:345:4:351:Infinity:undefined:undefined:undefined:undefined":30,"s:345:4:351:Infinity":83,"s:346:27:349:Infinity":84,"s:350:6:350:Infinity":85,"s:353:42:353:Infinity":86,"b:355:4:357:Infinity:undefined:undefined:undefined:undefined":31,"s:355:4:357:Infinity":87,"b:355:8:355:26:355:26:355:57":32,"s:356:6:356:Infinity":88,"s:358:27:358:Infinity":89,"s:359:4:359:Infinity":90,"s:361:4:361:Infinity":91,"f:365:22:365:Infinity":17,"s:368:2:389:Infinity":92,"s:369:21:374:Infinity":93,"b:376:4:382:Infinity:undefined:undefined:undefined:undefined":33,"s:376:4:382:Infinity":94,"s:377:27:380:Infinity":95,"s:381:6:381:Infinity":96,"s:384:39:384:Infinity":97,"s:385:26:385:Infinity":98,"s:386:4:386:Infinity":99,"s:388:4:388:Infinity":100,"f:392:22:392:Infinity":18,"s:395:16:395:Infinity":101,"b:396:2:398:Infinity:undefined:undefined:undefined:undefined":34,"s:396:2:398:Infinity":102,"s:397:4:397:Infinity":103,"s:400:2:455:Infinity":104,"s:401:25:401:Infinity":105,"s:404:29:415:Infinity":106,"b:405:12:405:33:405:33:405:Infinity":35,"b:406:19:406:47:406:47:406:Infinity":36,"b:407:16:407:41:407:41:407:Infinity":37,"b:409:14:409:37:409:37:409:Infinity":38,"b:410:17:410:43:410:43:410:Infinity":39,"b:411:13:411:35:411:35:411:Infinity":40,"b:412:16:412:41:412:41:412:Infinity":41,"b:413:24:413:57:413:57:413:Infinity":42,"b:414:17:414:43:414:43:414:Infinity":43,"b:418:4:420:Infinity:undefined:undefined:undefined:undefined":44,"s:418:4:420:Infinity":107,"b:418:8:418:44:418:44:418:73":45,"s:419:6:419:Infinity":108,"s:422:21:429:Infinity":109,"b:431:4:437:Infinity:undefined:undefined:undefined:undefined":46,"s:431:4:437:Infinity":110,"s:432:27:435:Infinity":111,"s:436:6:436:Infinity":112,"s:439:17:439:Infinity":113,"b:440:4:443:Infinity:undefined:undefined:undefined:undefined":47,"s:440:4:443:Infinity":114,"s:441:28:441:Infinity":115,"s:442:6:442:Infinity":116,"s:445:24:445:Infinity":117,"s:446:4:446:Infinity":118,"b:447:4:450:Infinity:undefined:undefined:undefined:undefined":48,"s:447:4:450:Infinity":119,"b:447:8:447:26:447:26:447:48:447:48:447:79":49,"s:449:6:449:Infinity":120,"s:451:4:451:Infinity":121,"s:452:4:452:Infinity":122,"s:454:4:454:Infinity":123,"f:458:22:458:Infinity":19,"s:462:16:462:Infinity":124,"b:463:2:465:Infinity:undefined:undefined:undefined:undefined":50,"s:463:2:465:Infinity":125,"s:464:4:464:Infinity":126,"s:467:2:537:Infinity":127,"s:468:25:468:Infinity":128,"s:472:29:483:Infinity":129,"b:473:12:473:33:473:33:473:Infinity":51,"b:474:19:474:47:474:47:474:Infinity":52,"b:475:16:475:41:475:41:475:Infinity":53,"b:477:14:477:37:477:37:477:Infinity":54,"b:478:17:478:43:478:43:478:Infinity":55,"b:479:13:479:35:479:35:479:Infinity":56,"b:480:16:480:41:480:41:480:Infinity":57,"b:481:24:481:57:481:57:481:Infinity":58,"b:482:17:482:43:482:43:482:Infinity":59,"b:486:4:488:Infinity:undefined:undefined:undefined:undefined":60,"s:486:4:488:Infinity":130,"b:486:8:486:44:486:44:486:73":61,"s:487:6:487:Infinity":131,"b:491:4:499:Infinity:undefined:undefined:undefined:undefined":62,"s:491:4:499:Infinity":132,"b:491:8:491:29:491:29:491:57:491:57:491:82:491:82:491:105":63,"s:492:6:497:Infinity":133,"s:498:6:498:Infinity":134,"s:501:4:501:Infinity":135,"s:502:4:502:Infinity":136,"s:504:21:511:Infinity":137,"b:513:4:532:Infinity:undefined:undefined:undefined:undefined":64,"s:513:4:532:Infinity":138,"s:515:25:518:Infinity":139,"s:521:6:529:Infinity":140,"s:522:26:522:Infinity":141,"s:523:8:523:Infinity":142,"b:524:8:526:Infinity:undefined:undefined:undefined:undefined":65,"s:524:8:526:Infinity":143,"s:525:10:525:Infinity":144,"s:528:8:528:Infinity":145,"s:531:6:531:Infinity":146,"s:534:4:534:Infinity":147,"s:536:4:536:Infinity":148,"f:540:22:540:Infinity":20,"s:543:16:543:Infinity":149,"b:544:2:546:Infinity:undefined:undefined:undefined:undefined":66,"s:544:2:546:Infinity":150,"s:545:4:545:Infinity":151,"s:548:2:568:Infinity":152,"s:549:21:555:Infinity":153,"b:557:4:563:Infinity:undefined:undefined:undefined:undefined":67,"s:557:4:563:Infinity":154,"s:558:27:561:Infinity":155,"s:562:6:562:Infinity":156,"s:565:4:565:Infinity":157,"s:567:4:567:Infinity":158,"f:580:22:580:39":21,"b:580:75:580:154":68,"s:581:2:605:Infinity":159,"s:582:18:582:Infinity":160,"b:583:4:585:Infinity:undefined:undefined:undefined:undefined":69,"s:583:4:585:Infinity":161,"s:584:6:584:Infinity":162,"s:587:21:594:Infinity":163,"b:596:4:599:Infinity:undefined:undefined:undefined:undefined":70,"s:596:4:599:Infinity":164,"s:597:27:597:Infinity":165,"s:598:6:598:Infinity":166,"s:601:17:601:Infinity":167,"s:602:4:602:Infinity":168,"s:604:4:604:Infinity":169,"f:608:22:608:42":22,"s:609:2:632:Infinity":170,"s:610:18:610:Infinity":171,"b:611:4:613:Infinity:undefined:undefined:undefined:undefined":71,"s:611:4:613:Infinity":172,"s:612:6:612:Infinity":173,"s:615:21:621:Infinity":174,"b:623:4:626:Infinity:undefined:undefined:undefined:undefined":72,"s:623:4:626:Infinity":175,"s:624:27:624:Infinity":176,"s:625:6:625:Infinity":177,"s:628:17:628:Infinity":178,"s:629:4:629:Infinity":179,"s:631:4:631:Infinity":180,"f:635:22:635:45":23,"s:636:2:659:Infinity":181,"s:637:18:637:Infinity":182,"b:638:4:640:Infinity:undefined:undefined:undefined:undefined":73,"s:638:4:640:Infinity":183,"s:639:6:639:Infinity":184,"s:642:21:648:Infinity":185,"b:650:4:653:Infinity:undefined:undefined:undefined:undefined":74,"s:650:4:653:Infinity":186,"s:651:27:651:Infinity":187,"s:652:6:652:Infinity":188,"s:655:17:655:Infinity":189,"s:656:4:656:Infinity":190,"s:658:4:658:Infinity":191,"f:662:22:662:48":24,"s:663:2:680:Infinity":192,"s:664:21:669:Infinity":193,"b:671:4:674:Infinity:undefined:undefined:undefined:undefined":75,"s:671:4:674:Infinity":194,"s:672:27:672:Infinity":195,"s:673:6:673:Infinity":196,"s:676:17:676:Infinity":197,"s:677:4:677:Infinity":198,"s:679:4:679:Infinity":199}}}
,"/Users/mac/Documents/TUS/Agile Build & Delivery/campus-event-planner/frontend/src/auth.ts": {"path":"/Users/mac/Documents/TUS/Agile Build & Delivery/campus-event-planner/frontend/src/auth.ts","statementMap":{"0":{"start":{"line":9,"column":20},"end":{"line":9,"column":null}},"1":{"start":{"line":10,"column":18},"end":{"line":10,"column":null}},"2":{"start":{"line":13,"column":2},"end":{"line":25,"column":null}},"3":{"start":{"line":14,"column":18},"end":{"line":14,"column":null}},"4":{"start":{"line":15,"column":4},"end":{"line":15,"column":null}},"5":{"start":{"line":15,"column":28},"end":{"line":15,"column":null}},"6":{"start":{"line":17,"column":20},"end":{"line":17,"column":null}},"7":{"start":{"line":18,"column":20},"end":{"line":18,"column":null}},"8":{"start":{"line":19,"column":4},"end":{"line":22,"column":null}},"9":{"start":{"line":24,"column":4},"end":{"line":24,"column":null}},"10":{"start":{"line":29,"column":2},"end":{"line":29,"column":null}},"11":{"start":{"line":33,"column":2},"end":{"line":46,"column":null}},"12":{"start":{"line":34,"column":4},"end":{"line":44,"column":null}},"13":{"start":{"line":35,"column":23},"end":{"line":35,"column":null}},"14":{"start":{"line":36,"column":6},"end":{"line":43,"column":null}},"15":{"start":{"line":37,"column":27},"end":{"line":41,"column":null}},"16":{"start":{"line":42,"column":8},"end":{"line":42,"column":null}},"17":{"start":{"line":45,"column":4},"end":{"line":45,"column":null}},"18":{"start":{"line":50,"column":2},"end":{"line":50,"column":null}},"19":{"start":{"line":51,"column":2},"end":{"line":51,"column":null}},"20":{"start":{"line":55,"column":2},"end":{"line":69,"column":null}},"21":{"start":{"line":56,"column":16},"end":{"line":56,"column":null}},"22":{"start":{"line":57,"column":4},"end":{"line":57,"column":null}},"23":{"start":{"line":57,"column":14},"end":{"line":57,"column":null}},"24":{"start":{"line":59,"column":17},"end":{"line":59,"column":null}},"25":{"start":{"line":60,"column":18},"end":{"line":60,"column":null}},"26":{"start":{"line":61,"column":4},"end":{"line":64,"column":null}},"27":{"start":{"line":62,"column":6},"end":{"line":62,"column":null}},"28":{"start":{"line":63,"column":6},"end":{"line":63,"column":null}},"29":{"start":{"line":66,"column":4},"end":{"line":66,"column":null}},"30":{"start":{"line":68,"column":4},"end":{"line":68,"column":null}},"31":{"start":{"line":73,"column":2},"end":{"line":73,"column":null}}},"fnMap":{"0":{"name":"decodeJWT","decl":{"start":{"line":12,"column":9},"end":{"line":12,"column":19}},"loc":{"start":{"line":12,"column":78},"end":{"line":26,"column":null}},"line":12},"1":{"name":"register","decl":{"start":{"line":28,"column":16},"end":{"line":28,"column":25}},"loc":{"start":{"line":28,"column":72},"end":{"line":30,"column":null}},"line":28},"2":{"name":"login","decl":{"start":{"line":32,"column":16},"end":{"line":32,"column":22}},"loc":{"start":{"line":32,"column":80},"end":{"line":47,"column":null}},"line":32},"3":{"name":"(anonymous_3)","decl":{"start":{"line":33,"column":41},"end":{"line":33,"column":51}},"loc":{"start":{"line":33,"column":51},"end":{"line":46,"column":3}},"line":33},"4":{"name":"logout","decl":{"start":{"line":49,"column":16},"end":{"line":49,"column":25}},"loc":{"start":{"line":49,"column":25},"end":{"line":52,"column":null}},"line":49},"5":{"name":"currentUser","decl":{"start":{"line":54,"column":16},"end":{"line":54,"column":43}},"loc":{"start":{"line":54,"column":43},"end":{"line":70,"column":null}},"line":54},"6":{"name":"updatePassword","decl":{"start":{"line":72,"column":22},"end":{"line":72,"column":37}},"loc":{"start":{"line":72,"column":73},"end":{"line":74,"column":null}},"line":72}},"branchMap":{"0":{"loc":{"start":{"line":15,"column":4},"end":{"line":15,"column":null}},"type":"if","locations":[{"start":{"line":15,"column":4},"end":{"line":15,"column":null}},{"start":{},"end":{}}],"line":15},"1":{"loc":{"start":{"line":20,"column":14},"end":{"line":20,"column":null}},"type":"cond-expr","locations":[{"start":{"line":20,"column":31},"end":{"line":20,"column":56}},{"start":{"line":20,"column":56},"end":{"line":20,"column":null}}],"line":20},"2":{"loc":{"start":{"line":34,"column":4},"end":{"line":44,"column":null}},"type":"if","locations":[{"start":{"line":34,"column":4},"end":{"line":44,"column":null}},{"start":{},"end":{}}],"line":34},"3":{"loc":{"start":{"line":34,"column":8},"end":{"line":34,"column":35}},"type":"binary-expr","locations":[{"start":{"line":34,"column":8},"end":{"line":34,"column":21}},{"start":{"line":34,"column":21},"end":{"line":34,"column":35}}],"line":34},"4":{"loc":{"start":{"line":36,"column":6},"end":{"line":43,"column":null}},"type":"if","locations":[{"start":{"line":36,"column":6},"end":{"line":43,"column":null}},{"start":{},"end":{}}],"line":36},"5":{"loc":{"start":{"line":38,"column":17},"end":{"line":38,"column":null}},"type":"binary-expr","locations":[{"start":{"line":38,"column":17},"end":{"line":38,"column":33}},{"start":{"line":38,"column":33},"end":{"line":38,"column":51}},{"start":{"line":38,"column":51},"end":{"line":38,"column":null}}],"line":38},"6":{"loc":{"start":{"line":40,"column":17},"end":{"line":40,"column":null}},"type":"binary-expr","locations":[{"start":{"line":40,"column":17},"end":{"line":40,"column":53}},{"start":{"line":40,"column":53},"end":{"line":40,"column":61}},{"start":{"line":40,"column":61},"end":{"line":40,"column":null}}],"line":40},"7":{"loc":{"start":{"line":57,"column":4},"end":{"line":57,"column":null}},"type":"if","locations":[{"start":{"line":57,"column":4},"end":{"line":57,"column":null}},{"start":{},"end":{}}],"line":57},"8":{"loc":{"start":{"line":61,"column":4},"end":{"line":64,"column":null}},"type":"if","locations":[{"start":{"line":61,"column":4},"end":{"line":64,"column":null}},{"start":{},"end":{}}],"line":61}},"s":{"0":1,"1":1,"2":3,"3":3,"4":3,"5":1,"6":2,"7":2,"8":2,"9":0,"10":2,"11":4,"12":4,"13":3,"14":3,"15":2,"16":2,"17":4,"18":1,"19":1,"20":4,"21":4,"22":4,"23":1,"24":3,"25":3,"26":3,"27":1,"28":1,"29":1,"30":1,"31":2},"f":{"0":3,"1":2,"2":4,"3":4,"4":1,"5":4,"6":2},"b":{"0":[1,2],"1":[2,0],"2":[3,1],"3":[4,3],"4":[2,1],"5":[2,0,0],"6":[2,0,0],"7":[1,3],"8":[1,2]},"meta":{"lastBranch":9,"lastFunction":7,"lastStatement":32,"seen":{"s:9:20:9:Infinity":0,"s:10:18:10:Infinity":1,"f:12:9:12:19":0,"s:13:2:25:Infinity":2,"s:14:18:14:Infinity":3,"b:15:4:15:Infinity:undefined:undefined:undefined:undefined":0,"s:15:4:15:Infinity":4,"s:15:28:15:Infinity":5,"s:17:20:17:Infinity":6,"s:18:20:18:Infinity":7,"s:19:4:22:Infinity":8,"b:20:31:20:56:20:56:20:Infinity":1,"s:24:4:24:Infinity":9,"f:28:16:28:25":1,"s:29:2:29:Infinity":10,"f:32:16:32:22":2,"s:33:2:46:Infinity":11,"f:33:41:33:51":3,"b:34:4:44:Infinity:undefined:undefined:undefined:undefined":2,"s:34:4:44:Infinity":12,"b:34:8:34:21:34:21:34:35":3,"s:35:23:35:Infinity":13,"b:36:6:43:Infinity:undefined:undefined:undefined:undefined":4,"s:36:6:43:Infinity":14,"s:37:27:41:Infinity":15,"b:38:17:38:33:38:33:38:51:38:51:38:Infinity":5,"b:40:17:40:53:40:53:40:61:40:61:40:Infinity":6,"s:42:8:42:Infinity":16,"s:45:4:45:Infinity":17,"f:49:16:49:25":4,"s:50:2:50:Infinity":18,"s:51:2:51:Infinity":19,"f:54:16:54:43":5,"s:55:2:69:Infinity":20,"s:56:16:56:Infinity":21,"b:57:4:57:Infinity:undefined:undefined:undefined:undefined":7,"s:57:4:57:Infinity":22,"s:57:14:57:Infinity":23,"s:59:17:59:Infinity":24,"s:60:18:60:Infinity":25,"b:61:4:64:Infinity:undefined:undefined:undefined:undefined":8,"s:61:4:64:Infinity":26,"s:62:6:62:Infinity":27,"s:63:6:63:Infinity":28,"s:66:4:66:Infinity":29,"s:68:4:68:Infinity":30,"f:72:22:72:37":6,"s:73:2:73:Infinity":31}}}
,"/Users/mac/Documents/TUS/Agile Build & Delivery/campus-event-planner/frontend/src/components/BookingModal.tsx": {"path":"/Users/mac/Documents/TUS/Agile Build & Delivery/campus-event-planner/frontend/src/components/BookingModal.tsx","statementMap":{"0":{"start":{"line":14,"column":32},"end":{"line":14,"column":null}},"1":{"start":{"line":15,"column":38},"end":{"line":15,"column":null}},"2":{"start":{"line":16,"column":42},"end":{"line":16,"column":null}},"3":{"start":{"line":17,"column":42},"end":{"line":17,"column":null}},"4":{"start":{"line":19,"column":8},"end":{"line":19,"column":null}},"5":{"start":{"line":21,"column":2},"end":{"line":21,"column":null}},"6":{"start":{"line":21,"column":25},"end":{"line":21,"column":null}},"7":{"start":{"line":23,"column":26},"end":{"line":84,"column":null}},"8":{"start":{"line":24,"column":4},"end":{"line":27,"column":null}},"9":{"start":{"line":25,"column":6},"end":{"line":25,"column":null}},"10":{"start":{"line":26,"column":6},"end":{"line":26,"column":null}},"11":{"start":{"line":30,"column":10},"end":{"line":30,"column":null}},"12":{"start":{"line":31,"column":4},"end":{"line":34,"column":null}},"13":{"start":{"line":32,"column":6},"end":{"line":32,"column":null}},"14":{"start":{"line":33,"column":6},"end":{"line":33,"column":null}},"15":{"start":{"line":37,"column":10},"end":{"line":37,"column":null}},"16":{"start":{"line":38,"column":4},"end":{"line":41,"column":null}},"17":{"start":{"line":39,"column":6},"end":{"line":39,"column":null}},"18":{"start":{"line":40,"column":6},"end":{"line":40,"column":null}},"19":{"start":{"line":43,"column":4},"end":{"line":46,"column":null}},"20":{"start":{"line":44,"column":6},"end":{"line":44,"column":null}},"21":{"start":{"line":45,"column":6},"end":{"line":45,"column":null}},"22":{"start":{"line":48,"column":4},"end":{"line":48,"column":null}},"23":{"start":{"line":49,"column":4},"end":{"line":49,"column":null}},"24":{"start":{"line":51,"column":4},"end":{"line":83,"column":null}},"25":{"start":{"line":53,"column":21},"end":{"line":53,"column":null}},"26":{"start":{"line":55,"column":6},"end":{"line":79,"column":null}},"27":{"start":{"line":56,"column":8},"end":{"line":56,"column":null}},"28":{"start":{"line":57,"column":8},"end":{"line":57,"column":null}},"29":{"start":{"line":60,"column":8},"end":{"line":60,"column":null}},"30":{"start":{"line":63,"column":8},"end":{"line":67,"column":null}},"31":{"start":{"line":64,"column":10},"end":{"line":64,"column":null}},"32":{"start":{"line":65,"column":10},"end":{"line":65,"column":null}},"33":{"start":{"line":66,"column":10},"end":{"line":66,"column":null}},"34":{"start":{"line":69,"column":25},"end":{"line":69,"column":null}},"35":{"start":{"line":71,"column":8},"end":{"line":77,"column":null}},"36":{"start":{"line":73,"column":10},"end":{"line":73,"column":null}},"37":{"start":{"line":74,"column":10},"end":{"line":74,"column":null}},"38":{"start":{"line":76,"column":10},"end":{"line":76,"column":null}},"39":{"start":{"line":78,"column":8},"end":{"line":78,"column":null}},"40":{"start":{"line":81,"column":6},"end":{"line":81,"column":null}},"41":{"start":{"line":82,"column":6},"end":{"line":82,"column":null}},"42":{"start":{"line":86,"column":22},"end":{"line":91,"column":null}},"43":{"start":{"line":87,"column":4},"end":{"line":87,"column":null}},"44":{"start":{"line":88,"column":4},"end":{"line":88,"column":null}},"45":{"start":{"line":89,"column":4},"end":{"line":89,"column":null}},"46":{"start":{"line":90,"column":4},"end":{"line":90,"column":null}},"47":{"start":{"line":93,"column":22},"end":{"line":93,"column":null}},"48":{"start":{"line":95,"column":2},"end":{"line":313,"column":null}},"49":{"start":{"line":97,"column":62},"end":{"line":97,"column":null}},"50":{"start":{"line":146,"column":33},"end":{"line":146,"column":null}},"51":{"start":{"line":171,"column":32},"end":{"line":171,"column":null}},"52":{"start":{"line":172,"column":39},"end":{"line":172,"column":null}},"53":{"start":{"line":173,"column":20},"end":{"line":173,"column":null}},"54":{"start":{"line":188,"column":39},"end":{"line":188,"column":null}},"55":{"start":{"line":189,"column":20},"end":{"line":189,"column":null}}},"fnMap":{"0":{"name":"BookingModal","decl":{"start":{"line":13,"column":24},"end":{"line":13,"column":37}},"loc":{"start":{"line":13,"column":102},"end":{"line":315,"column":null}},"line":13},"1":{"name":"(anonymous_1)","decl":{"start":{"line":23,"column":26},"end":{"line":23,"column":38}},"loc":{"start":{"line":23,"column":38},"end":{"line":84,"column":null}},"line":23},"2":{"name":"(anonymous_2)","decl":{"start":{"line":63,"column":19},"end":{"line":63,"column":25}},"loc":{"start":{"line":63,"column":25},"end":{"line":67,"column":11}},"line":63},"3":{"name":"(anonymous_3)","decl":{"start":{"line":86,"column":22},"end":{"line":86,"column":28}},"loc":{"start":{"line":86,"column":28},"end":{"line":91,"column":null}},"line":86},"4":{"name":"(anonymous_4)","decl":{"start":{"line":97,"column":57},"end":{"line":97,"column":62}},"loc":{"start":{"line":97,"column":62},"end":{"line":97,"column":null}},"line":97},"5":{"name":"(anonymous_5)","decl":{"start":{"line":146,"column":27},"end":{"line":146,"column":33}},"loc":{"start":{"line":146,"column":33},"end":{"line":146,"column":null}},"line":146},"6":{"name":"(anonymous_6)","decl":{"start":{"line":170,"column":28},"end":{"line":170,"column":29}},"loc":{"start":{"line":170,"column":35},"end":{"line":174,"column":null}},"line":170},"7":{"name":"(anonymous_7)","decl":{"start":{"line":187,"column":27},"end":{"line":187,"column":33}},"loc":{"start":{"line":187,"column":33},"end":{"line":190,"column":null}},"line":187}},"branchMap":{"0":{"loc":{"start":{"line":21,"column":2},"end":{"line":21,"column":null}},"type":"if","locations":[{"start":{"line":21,"column":2},"end":{"line":21,"column":null}},{"start":{},"end":{}}],"line":21},"1":{"loc":{"start":{"line":21,"column":6},"end":{"line":21,"column":25}},"type":"binary-expr","locations":[{"start":{"line":21,"column":6},"end":{"line":21,"column":17}},{"start":{"line":21,"column":17},"end":{"line":21,"column":25}}],"line":21},"2":{"loc":{"start":{"line":24,"column":4},"end":{"line":27,"column":null}},"type":"if","locations":[{"start":{"line":24,"column":4},"end":{"line":27,"column":null}},{"start":{},"end":{}}],"line":24},"3":{"loc":{"start":{"line":24,"column":8},"end":{"line":24,"column":25}},"type":"binary-expr","locations":[{"start":{"line":24,"column":8},"end":{"line":24,"column":18}},{"start":{"line":24,"column":18},"end":{"line":24,"column":25}}],"line":24},"4":{"loc":{"start":{"line":31,"column":4},"end":{"line":34,"column":null}},"type":"if","locations":[{"start":{"line":31,"column":4},"end":{"line":34,"column":null}},{"start":{},"end":{}}],"line":31},"5":{"loc":{"start":{"line":37,"column":30},"end":{"line":37,"column":55}},"type":"binary-expr","locations":[{"start":{"line":37,"column":30},"end":{"line":37,"column":48}},{"start":{"line":37,"column":48},"end":{"line":37,"column":55}}],"line":37},"6":{"loc":{"start":{"line":37,"column":55},"end":{"line":37,"column":null}},"type":"binary-expr","locations":[{"start":{"line":37,"column":55},"end":{"line":37,"column":82}},{"start":{"line":37,"column":82},"end":{"line":37,"column":null}}],"line":37},"7":{"loc":{"start":{"line":38,"column":4},"end":{"line":41,"column":null}},"type":"if","locations":[{"start":{"line":38,"column":4},"end":{"line":41,"column":null}},{"start":{},"end":{}}],"line":38},"8":{"loc":{"start":{"line":43,"column":4},"end":{"line":46,"column":null}},"type":"if","locations":[{"start":{"line":43,"column":4},"end":{"line":46,"column":null}},{"start":{},"end":{}}],"line":43},"9":{"loc":{"start":{"line":55,"column":6},"end":{"line":79,"column":null}},"type":"if","locations":[{"start":{"line":55,"column":6},"end":{"line":79,"column":null}},{"start":{"line":68,"column":13},"end":{"line":79,"column":null}}],"line":55},"10":{"loc":{"start":{"line":69,"column":25},"end":{"line":69,"column":null}},"type":"binary-expr","locations":[{"start":{"line":69,"column":25},"end":{"line":69,"column":41}},{"start":{"line":69,"column":41},"end":{"line":69,"column":null}}],"line":69},"11":{"loc":{"start":{"line":71,"column":8},"end":{"line":77,"column":null}},"type":"if","locations":[{"start":{"line":71,"column":8},"end":{"line":77,"column":null}},{"start":{"line":75,"column":15},"end":{"line":77,"column":null}}],"line":71},"12":{"loc":{"start":{"line":71,"column":12},"end":{"line":71,"column":177}},"type":"binary-expr","locations":[{"start":{"line":71,"column":12},"end":{"line":71,"column":50}},{"start":{"line":71,"column":50},"end":{"line":71,"column":85}},{"start":{"line":71,"column":85},"end":{"line":71,"column":124}},{"start":{"line":71,"column":124},"end":{"line":71,"column":177}}],"line":71},"13":{"loc":{"start":{"line":93,"column":30},"end":{"line":93,"column":116}},"type":"binary-expr","locations":[{"start":{"line":93,"column":30},"end":{"line":93,"column":48}},{"start":{"line":93,"column":48},"end":{"line":93,"column":75}},{"start":{"line":93,"column":75},"end":{"line":93,"column":116}}],"line":93},"14":{"loc":{"start":{"line":119,"column":15},"end":{"line":119,"column":null}},"type":"binary-expr","locations":[{"start":{"line":119,"column":15},"end":{"line":119,"column":33}},{"start":{"line":119,"column":33},"end":{"line":119,"column":null}}],"line":119},"15":{"loc":{"start":{"line":121,"column":13},"end":{"line":124,"column":null}},"type":"binary-expr","locations":[{"start":{"line":121,"column":13},"end":{"line":121,"column":null}},{"start":{"line":122,"column":14},"end":{"line":124,"column":null}}],"line":121},"16":{"loc":{"start":{"line":126,"column":13},"end":{"line":129,"column":null}},"type":"binary-expr","locations":[{"start":{"line":126,"column":13},"end":{"line":126,"column":null}},{"start":{"line":127,"column":14},"end":{"line":129,"column":null}}],"line":126},"17":{"loc":{"start":{"line":128,"column":20},"end":{"line":128,"column":49}},"type":"binary-expr","locations":[{"start":{"line":128,"column":20},"end":{"line":128,"column":47}},{"start":{"line":128,"column":47},"end":{"line":128,"column":49}}],"line":128},"18":{"loc":{"start":{"line":147,"column":28},"end":{"line":147,"column":null}},"type":"binary-expr","locations":[{"start":{"line":147,"column":28},"end":{"line":147,"column":51}},{"start":{"line":147,"column":51},"end":{"line":147,"column":null}}],"line":147},"19":{"loc":{"start":{"line":155,"column":28},"end":{"line":155,"column":null}},"type":"cond-expr","locations":[{"start":{"line":155,"column":63},"end":{"line":155,"column":75}},{"start":{"line":155,"column":75},"end":{"line":155,"column":null}}],"line":155},"20":{"loc":{"start":{"line":155,"column":28},"end":{"line":155,"column":63}},"type":"binary-expr","locations":[{"start":{"line":155,"column":28},"end":{"line":155,"column":50}},{"start":{"line":155,"column":50},"end":{"line":155,"column":63}}],"line":155},"21":{"loc":{"start":{"line":168,"column":37},"end":{"line":168,"column":62}},"type":"binary-expr","locations":[{"start":{"line":168,"column":37},"end":{"line":168,"column":55}},{"start":{"line":168,"column":55},"end":{"line":168,"column":62}}],"line":168},"22":{"loc":{"start":{"line":168,"column":62},"end":{"line":168,"column":91}},"type":"binary-expr","locations":[{"start":{"line":168,"column":62},"end":{"line":168,"column":89}},{"start":{"line":168,"column":89},"end":{"line":168,"column":91}}],"line":168},"23":{"loc":{"start":{"line":171,"column":32},"end":{"line":171,"column":null}},"type":"binary-expr","locations":[{"start":{"line":171,"column":32},"end":{"line":171,"column":60}},{"start":{"line":171,"column":60},"end":{"line":171,"column":null}}],"line":171},"24":{"loc":{"start":{"line":172,"column":53},"end":{"line":172,"column":78}},"type":"binary-expr","locations":[{"start":{"line":172,"column":53},"end":{"line":172,"column":71}},{"start":{"line":172,"column":71},"end":{"line":172,"column":78}}],"line":172},"25":{"loc":{"start":{"line":172,"column":78},"end":{"line":172,"column":107}},"type":"binary-expr","locations":[{"start":{"line":172,"column":78},"end":{"line":172,"column":105}},{"start":{"line":172,"column":105},"end":{"line":172,"column":107}}],"line":172},"26":{"loc":{"start":{"line":188,"column":53},"end":{"line":188,"column":78}},"type":"binary-expr","locations":[{"start":{"line":188,"column":53},"end":{"line":188,"column":71}},{"start":{"line":188,"column":71},"end":{"line":188,"column":78}}],"line":188},"27":{"loc":{"start":{"line":188,"column":78},"end":{"line":188,"column":107}},"type":"binary-expr","locations":[{"start":{"line":188,"column":78},"end":{"line":188,"column":105}},{"start":{"line":188,"column":105},"end":{"line":188,"column":107}}],"line":188},"28":{"loc":{"start":{"line":191,"column":28},"end":{"line":191,"column":null}},"type":"binary-expr","locations":[{"start":{"line":191,"column":28},"end":{"line":191,"column":119}},{"start":{"line":191,"column":119},"end":{"line":191,"column":null}}],"line":191},"29":{"loc":{"start":{"line":191,"column":60},"end":{"line":191,"column":85}},"type":"binary-expr","locations":[{"start":{"line":191,"column":60},"end":{"line":191,"column":78}},{"start":{"line":191,"column":78},"end":{"line":191,"column":85}}],"line":191},"30":{"loc":{"start":{"line":191,"column":85},"end":{"line":191,"column":114}},"type":"binary-expr","locations":[{"start":{"line":191,"column":85},"end":{"line":191,"column":112}},{"start":{"line":191,"column":112},"end":{"line":191,"column":114}}],"line":191},"31":{"loc":{"start":{"line":199,"column":29},"end":{"line":199,"column":null}},"type":"cond-expr","locations":[{"start":{"line":199,"column":133},"end":{"line":199,"column":145}},{"start":{"line":199,"column":145},"end":{"line":199,"column":null}}],"line":199},"32":{"loc":{"start":{"line":199,"column":29},"end":{"line":199,"column":133}},"type":"binary-expr","locations":[{"start":{"line":199,"column":29},"end":{"line":199,"column":119}},{"start":{"line":199,"column":119},"end":{"line":199,"column":133}}],"line":199},"33":{"loc":{"start":{"line":199,"column":60},"end":{"line":199,"column":85}},"type":"binary-expr","locations":[{"start":{"line":199,"column":60},"end":{"line":199,"column":78}},{"start":{"line":199,"column":78},"end":{"line":199,"column":85}}],"line":199},"34":{"loc":{"start":{"line":199,"column":85},"end":{"line":199,"column":114}},"type":"binary-expr","locations":[{"start":{"line":199,"column":85},"end":{"line":199,"column":112}},{"start":{"line":199,"column":112},"end":{"line":199,"column":114}}],"line":199},"35":{"loc":{"start":{"line":210,"column":15},"end":{"line":213,"column":null}},"type":"binary-expr","locations":[{"start":{"line":210,"column":15},"end":{"line":210,"column":null}},{"start":{"line":211,"column":16},"end":{"line":213,"column":null}}],"line":210},"36":{"loc":{"start":{"line":212,"column":57},"end":{"line":212,"column":null}},"type":"binary-expr","locations":[{"start":{"line":212,"column":57},"end":{"line":212,"column":84}},{"start":{"line":212,"column":84},"end":{"line":212,"column":null}}],"line":212},"37":{"loc":{"start":{"line":218,"column":13},"end":{"line":232,"column":null}},"type":"binary-expr","locations":[{"start":{"line":218,"column":13},"end":{"line":218,"column":null}},{"start":{"line":219,"column":14},"end":{"line":232,"column":null}}],"line":218},"38":{"loc":{"start":{"line":227,"column":17},"end":{"line":230,"column":null}},"type":"binary-expr","locations":[{"start":{"line":227,"column":17},"end":{"line":227,"column":null}},{"start":{"line":228,"column":18},"end":{"line":230,"column":null}}],"line":227},"39":{"loc":{"start":{"line":237,"column":11},"end":{"line":258,"column":null}},"type":"binary-expr","locations":[{"start":{"line":237,"column":11},"end":{"line":237,"column":null}},{"start":{"line":238,"column":12},"end":{"line":258,"column":null}}],"line":237},"40":{"loc":{"start":{"line":253,"column":17},"end":{"line":253,"column":81}},"type":"cond-expr","locations":[{"start":{"line":253,"column":40},"end":{"line":253,"column":53}},{"start":{"line":253,"column":53},"end":{"line":253,"column":81}}],"line":253},"41":{"loc":{"start":{"line":261,"column":11},"end":{"line":264,"column":null}},"type":"binary-expr","locations":[{"start":{"line":261,"column":11},"end":{"line":261,"column":null}},{"start":{"line":262,"column":12},"end":{"line":264,"column":null}}],"line":261},"42":{"loc":{"start":{"line":282,"column":15},"end":{"line":282,"column":null}},"type":"cond-expr","locations":[{"start":{"line":282,"column":32},"end":{"line":282,"column":42}},{"start":{"line":282,"column":42},"end":{"line":282,"column":null}}],"line":282},"43":{"loc":{"start":{"line":288,"column":24},"end":{"line":288,"column":null}},"type":"binary-expr","locations":[{"start":{"line":288,"column":24},"end":{"line":288,"column":37}},{"start":{"line":288,"column":37},"end":{"line":288,"column":52}},{"start":{"line":288,"column":52},"end":{"line":288,"column":null}}],"line":288},"44":{"loc":{"start":{"line":290,"column":15},"end":{"line":293,"column":null}},"type":"cond-expr","locations":[{"start":{"line":290,"column":27},"end":{"line":290,"column":null}},{"start":{"line":291,"column":15},"end":{"line":293,"column":null}}],"line":290},"45":{"loc":{"start":{"line":291,"column":15},"end":{"line":293,"column":null}},"type":"cond-expr","locations":[{"start":{"line":291,"column":29},"end":{"line":291,"column":null}},{"start":{"line":292,"column":15},"end":{"line":293,"column":null}}],"line":291},"46":{"loc":{"start":{"line":292,"column":15},"end":{"line":293,"column":null}},"type":"cond-expr","locations":[{"start":{"line":292,"column":32},"end":{"line":292,"column":null}},{"start":{"line":293,"column":15},"end":{"line":293,"column":null}}],"line":292},"47":{"loc":{"start":{"line":293,"column":15},"end":{"line":293,"column":null}},"type":"cond-expr","locations":[{"start":{"line":293,"column":38},"end":{"line":293,"column":58}},{"start":{"line":293,"column":58},"end":{"line":293,"column":null}}],"line":293},"48":{"loc":{"start":{"line":298,"column":11},"end":{"line":309,"column":null}},"type":"binary-expr","locations":[{"start":{"line":298,"column":11},"end":{"line":298,"column":null}},{"start":{"line":299,"column":12},"end":{"line":309,"column":null}}],"line":298}},"s":{"0":23,"1":23,"2":23,"3":23,"4":23,"5":23,"6":2,"7":21,"8":4,"9":0,"10":0,"11":4,"12":4,"13":0,"14":0,"15":4,"16":4,"17":0,"18":0,"19":4,"20":0,"21":0,"22":4,"23":4,"24":4,"25":4,"26":4,"27":3,"28":3,"29":3,"30":3,"31":0,"32":0,"33":0,"34":1,"35":1,"36":0,"37":0,"38":1,"39":1,"40":0,"41":0,"42":21,"43":1,"44":1,"45":1,"46":1,"47":21,"48":23,"49":5,"50":0,"51":2,"52":2,"53":2,"54":0,"55":0},"f":{"0":23,"1":4,"2":0,"3":1,"4":5,"5":0,"6":2,"7":0},"b":{"0":[2,21],"1":[23,22],"2":[0,4],"3":[4,4],"4":[0,4],"5":[4,0],"6":[4,0],"7":[0,4],"8":[0,4],"9":[3,1],"10":[1,0],"11":[0,1],"12":[1,1,1,1],"13":[21,21,21],"14":[23,21],"15":[23,21],"16":[23,21],"17":[21,0],"18":[23,2],"19":[2,19],"20":[23,2],"21":[23,0],"22":[23,0],"23":[2,0],"24":[2,0],"25":[2,0],"26":[0,0],"27":[0,0],"28":[23,20],"29":[23,0],"30":[23,0],"31":[16,5],"32":[23,20],"33":[23,0],"34":[23,0],"35":[23,21],"36":[21,0],"37":[23,21],"38":[21,2],"39":[23,3],"40":[3,0],"41":[23,1],"42":[3,18],"43":[23,17,16],"44":[4,17],"45":[1,16],"46":[3,13],"47":[11,2],"48":[23,1]},"meta":{"lastBranch":49,"lastFunction":8,"lastStatement":56,"seen":{"f:13:24:13:37":0,"s:14:32:14:Infinity":0,"s:15:38:15:Infinity":1,"s:16:42:16:Infinity":2,"s:17:42:17:Infinity":3,"s:19:8:19:Infinity":4,"b:21:2:21:Infinity:undefined:undefined:undefined:undefined":0,"s:21:2:21:Infinity":5,"b:21:6:21:17:21:17:21:25":1,"s:21:25:21:Infinity":6,"s:23:26:84:Infinity":7,"f:23:26:23:38":1,"b:24:4:27:Infinity:undefined:undefined:undefined:undefined":2,"s:24:4:27:Infinity":8,"b:24:8:24:18:24:18:24:25":3,"s:25:6:25:Infinity":9,"s:26:6:26:Infinity":10,"s:30:10:30:Infinity":11,"b:31:4:34:Infinity:undefined:undefined:undefined:undefined":4,"s:31:4:34:Infinity":12,"s:32:6:32:Infinity":13,"s:33:6:33:Infinity":14,"s:37:10:37:Infinity":15,"b:37:30:37:48:37:48:37:55":5,"b:37:55:37:82:37:82:37:Infinity":6,"b:38:4:41:Infinity:undefined:undefined:undefined:undefined":7,"s:38:4:41:Infinity":16,"s:39:6:39:Infinity":17,"s:40:6:40:Infinity":18,"b:43:4:46:Infinity:undefined:undefined:undefined:undefined":8,"s:43:4:46:Infinity":19,"s:44:6:44:Infinity":20,"s:45:6:45:Infinity":21,"s:48:4:48:Infinity":22,"s:49:4:49:Infinity":23,"s:51:4:83:Infinity":24,"s:53:21:53:Infinity":25,"b:55:6:79:Infinity:68:13:79:Infinity":9,"s:55:6:79:Infinity":26,"s:56:8:56:Infinity":27,"s:57:8:57:Infinity":28,"s:60:8:60:Infinity":29,"s:63:8:67:Infinity":30,"f:63:19:63:25":2,"s:64:10:64:Infinity":31,"s:65:10:65:Infinity":32,"s:66:10:66:Infinity":33,"s:69:25:69:Infinity":34,"b:69:25:69:41:69:41:69:Infinity":10,"b:71:8:77:Infinity:75:15:77:Infinity":11,"s:71:8:77:Infinity":35,"b:71:12:71:50:71:50:71:85:71:85:71:124:71:124:71:177":12,"s:73:10:73:Infinity":36,"s:74:10:74:Infinity":37,"s:76:10:76:Infinity":38,"s:78:8:78:Infinity":39,"s:81:6:81:Infinity":40,"s:82:6:82:Infinity":41,"s:86:22:91:Infinity":42,"f:86:22:86:28":3,"s:87:4:87:Infinity":43,"s:88:4:88:Infinity":44,"s:89:4:89:Infinity":45,"s:90:4:90:Infinity":46,"s:93:22:93:Infinity":47,"b:93:30:93:48:93:48:93:75:93:75:93:116":13,"s:95:2:313:Infinity":48,"f:97:57:97:62":4,"s:97:62:97:Infinity":49,"b:119:15:119:33:119:33:119:Infinity":14,"b:121:13:121:Infinity:122:14:124:Infinity":15,"b:126:13:126:Infinity:127:14:129:Infinity":16,"b:128:20:128:47:128:47:128:49":17,"f:146:27:146:33":5,"s:146:33:146:Infinity":50,"b:147:28:147:51:147:51:147:Infinity":18,"b:155:63:155:75:155:75:155:Infinity":19,"b:155:28:155:50:155:50:155:63":20,"b:168:37:168:55:168:55:168:62":21,"b:168:62:168:89:168:89:168:91":22,"f:170:28:170:29":6,"s:171:32:171:Infinity":51,"b:171:32:171:60:171:60:171:Infinity":23,"s:172:39:172:Infinity":52,"b:172:53:172:71:172:71:172:78":24,"b:172:78:172:105:172:105:172:107":25,"s:173:20:173:Infinity":53,"f:187:27:187:33":7,"s:188:39:188:Infinity":54,"b:188:53:188:71:188:71:188:78":26,"b:188:78:188:105:188:105:188:107":27,"s:189:20:189:Infinity":55,"b:191:28:191:119:191:119:191:Infinity":28,"b:191:60:191:78:191:78:191:85":29,"b:191:85:191:112:191:112:191:114":30,"b:199:133:199:145:199:145:199:Infinity":31,"b:199:29:199:119:199:119:199:133":32,"b:199:60:199:78:199:78:199:85":33,"b:199:85:199:112:199:112:199:114":34,"b:210:15:210:Infinity:211:16:213:Infinity":35,"b:212:57:212:84:212
[...]
,"/Users/mac/Documents/TUS/Agile Build & Delivery/campus-event-planner/frontend/src/components/EventList.tsx": {"path":"/Users/mac/Documents/TUS/Agile Build & Delivery/campus-event-planner/frontend/src/components/EventList.tsx","statementMap":{"0":{"start":{"line":12,"column":2},"end":{"line":32,"column":null}},"1":{"start":{"line":13,"column":4},"end":{"line":32,"column":null}},"2":{"start":{"line":34,"column":36},"end":{"line":34,"column":null}},"3":{"start":{"line":35,"column":32},"end":{"line":35,"column":null}},"4":{"start":{"line":39,"column":4},"end":{"line":39,"column":null}},"5":{"start":{"line":39,"column":19},"end":{"line":39,"column":null}},"6":{"start":{"line":40,"column":4},"end":{"line":40,"column":null}},"7":{"start":{"line":41,"column":4},"end":{"line":41,"column":null}},"8":{"start":{"line":45,"column":4},"end":{"line":45,"column":null}},"9":{"start":{"line":46,"column":4},"end":{"line":46,"column":null}},"10":{"start":{"line":50,"column":4},"end":{"line":50,"column":null}},"11":{"start":{"line":50,"column":31},"end":{"line":50,"column":null}},"12":{"start":{"line":51,"column":4},"end":{"line":51,"column":null}},"13":{"start":{"line":52,"column":4},"end":{"line":52,"column":null}},"14":{"start":{"line":55,"column":2},"end":{"line":169,"column":null}},"15":{"start":{"line":59,"column":10},"end":{"line":159,"column":null}},"16":{"start":{"line":141,"column":37},"end":{"line":141,"column":null}},"17":{"start":{"line":150,"column":37},"end":{"line":150,"column":null}}},"fnMap":{"0":{"name":"EventList","decl":{"start":{"line":11,"column":24},"end":{"line":11,"column":34}},"loc":{"start":{"line":11,"column":73},"end":{"line":171,"column":null}},"line":11},"1":{"name":"askDelete","decl":{"start":{"line":37,"column":11},"end":{"line":37,"column":21}},"loc":{"start":{"line":37,"column":33},"end":{"line":42,"column":null}},"line":37},"2":{"name":"cancelDelete","decl":{"start":{"line":44,"column":11},"end":{"line":44,"column":26}},"loc":{"start":{"line":44,"column":26},"end":{"line":47,"column":null}},"line":44},"3":{"name":"confirmDelete","decl":{"start":{"line":49,"column":11},"end":{"line":49,"column":27}},"loc":{"start":{"line":49,"column":27},"end":{"line":53,"column":null}},"line":49},"4":{"name":"(anonymous_4)","decl":{"start":{"line":58,"column":20},"end":{"line":58,"column":21}},"loc":{"start":{"line":59,"column":10},"end":{"line":159,"column":null}},"line":59},"5":{"name":"(anonymous_5)","decl":{"start":{"line":141,"column":31},"end":{"line":141,"column":37}},"loc":{"start":{"line":141,"column":37},"end":{"line":141,"column":null}},"line":141},"6":{"name":"(anonymous_6)","decl":{"start":{"line":150,"column":31},"end":{"line":150,"column":37}},"loc":{"start":{"line":150,"column":37},"end":{"line":150,"column":null}},"line":150}},"branchMap":{"0":{"loc":{"start":{"line":12,"column":2},"end":{"line":32,"column":null}},"type":"if","locations":[{"start":{"line":12,"column":2},"end":{"line":32,"column":null}},{"start":{},"end":{}}],"line":12},"1":{"loc":{"start":{"line":12,"column":6},"end":{"line":12,"column":null}},"type":"binary-expr","locations":[{"start":{"line":12,"column":6},"end":{"line":12,"column":17}},{"start":{"line":12,"column":17},"end":{"line":12,"column":null}}],"line":12},"2":{"loc":{"start":{"line":39,"column":4},"end":{"line":39,"column":null}},"type":"if","locations":[{"start":{"line":39,"column":4},"end":{"line":39,"column":null}},{"start":{},"end":{}}],"line":39},"3":{"loc":{"start":{"line":50,"column":4},"end":{"line":50,"column":null}},"type":"if","locations":[{"start":{"line":50,"column":4},"end":{"line":50,"column":null}},{"start":{},"end":{}}],"line":50},"4":{"loc":{"start":{"line":50,"column":8},"end":{"line":50,"column":31}},"type":"binary-expr","locations":[{"start":{"line":50,"column":8},"end":{"line":50,"column":21}},{"start":{"line":50,"column":21},"end":{"line":50,"column":31}}],"line":50},"5":{"loc":{"start":{"line":87,"column":21},"end":{"line":113,"column":null}},"type":"binary-expr","locations":[{"start":{"line":87,"column":21},"end":{"line":87,"column":null}},{"start":{"line":88,"column":22},"end":{"line":113,"column":null}}],"line":87},"6":{"loc":{"start":{"line":116,"column":19},"end":{"line":133,"column":null}},"type":"binary-expr","locations":[{"start":{"line":116,"column":19},"end":{"line":116,"column":null}},{"start":{"line":117,"column":20},"end":{"line":133,"column":null}}],"line":116},"7":{"loc":{"start":{"line":120,"column":26},"end":{"line":124,"column":null}},"type":"cond-expr","locations":[{"start":{"line":121,"column":30},"end":{"line":121,"column":null}},{"start":{"line":122,"column":30},"end":{"line":124,"column":null}}],"line":120},"8":{"loc":{"start":{"line":122,"column":30},"end":{"line":124,"column":null}},"type":"cond-expr","locations":[{"start":{"line":123,"column":30},"end":{"line":123,"column":null}},{"start":{"line":124,"column":30},"end":{"line":124,"column":null}}],"line":122},"9":{"loc":{"start":{"line":127,"column":25},"end":{"line":131,"column":null}},"type":"cond-expr","locations":[{"start":{"line":128,"column":28},"end":{"line":128,"column":null}},{"start":{"line":129,"column":28},"end":{"line":131,"column":null}}],"line":127},"10":{"loc":{"start":{"line":129,"column":28},"end":{"line":131,"column":null}},"type":"cond-expr","locations":[{"start":{"line":130,"column":28},"end":{"line":130,"column":null}},{"start":{"line":131,"column":28},"end":{"line":131,"column":null}}],"line":129},"11":{"loc":{"start":{"line":138,"column":19},"end":{"line":145,"column":null}},"type":"binary-expr","locations":[{"start":{"line":138,"column":19},"end":{"line":138,"column":null}},{"start":{"line":139,"column":20},"end":{"line":145,"column":null}}],"line":138},"12":{"loc":{"start":{"line":147,"column":19},"end":{"line":154,"column":null}},"type":"binary-expr","locations":[{"start":{"line":147,"column":19},"end":{"line":147,"column":null}},{"start":{"line":148,"column":20},"end":{"line":154,"column":null}}],"line":147}},"s":{"0":17,"1":1,"2":16,"3":16,"4":3,"5":0,"6":3,"7":3,"8":1,"9":1,"10":1,"11":1,"12":1,"13":1,"14":16,"15":30,"16":1,"17":3},"f":{"0":17,"1":3,"2":1,"3":1,"4":30,"5":1,"6":3},"b":{"0":[1,16],"1":[17,17],"2":[0,3],"3":[1,0],"4":[1,1],"5":[30,28],"6":[30,28],"7":[14,14],"8":[14,0],"9":[14,14],"10":[14,0],"11":[30,2],"12":[30,18]},"meta":{"lastBranch":13,"lastFunction":7,"lastStatement":18,"seen":{"f:11:24:11:34":0,"b:12:2:32:Infinity:undefined:undefined:undefined:undefined":0,"s:12:2:32:Infinity":0,"b:12:6:12:17:12:17:12:Infinity":1,"s:13:4:32:Infinity":1,"s:34:36:34:Infinity":2,"s:35:32:35:Infinity":3,"f:37:11:37:21":1,"b:39:4:39:Infinity:undefined:undefined:undefined:undefined":2,"s:39:4:39:Infinity":4,"s:39:19:39:Infinity":5,"s:40:4:40:Infinity":6,"s:41:4:41:Infinity":7,"f:44:11:44:26":2,"s:45:4:45:Infinity":8,"s:46:4:46:Infinity":9,"f:49:11:49:27":3,"b:50:4:50:Infinity:undefined:undefined:undefined:undefined":3,"s:50:4:50:Infinity":10,"b:50:8:50:21:50:21:50:31":4,"s:50:31:50:Infinity":11,"s:51:4:51:Infinity":12,"s:52:4:52:Infinity":13,"s:55:2:169:Infinity":14,"f:58:20:58:21":4,"s:59:10:159:Infinity":15,"b:87:21:87:Infinity:88:22:113:Infinity":5,"b:116:19:116:Infinity:117:20:133:Infinity":6,"b:121:30:121:Infinity:122:30:124:Infinity":7,"b:123:30:123:Infinity:124:30:124:Infinity":8,"b:128:28:128:Infinity:129:28:131:Infinity":9,"b:130:28:130:Infinity:131:28:131:Infinity":10,"b:138:19:138:Infinity:139:20:145:Infinity":11,"f:141:31:141:37":5,"s:141:37:141:Infinity":16,"b:147:19:147:Infinity:148:20:154:Infinity":12,"f:150:31:150:37":6,"s:150:37:150:Infinity":17}}}
,"/Users/mac/Documents/TUS/Agile Build & Delivery/campus-event-planner/frontend/src/pages/Login.tsx": {"path":"/Users/mac/Documents/TUS/Agile Build & Delivery/campus-event-planner/frontend/src/pages/Login.tsx","statementMap":{"0":{"start":{"line":6,"column":24},"end":{"line":6,"column":null}},"1":{"start":{"line":7,"column":30},"end":{"line":7,"column":null}},"2":{"start":{"line":8,"column":22},"end":{"line":8,"column":null}},"3":{"start":{"line":9,"column":24},"end":{"line":9,"column":null}},"4":{"start":{"line":10,"column":8},"end":{"line":10,"column":null}},"5":{"start":{"line":13,"column":4},"end":{"line":13,"column":null}},"6":{"start":{"line":14,"column":4},"end":{"line":14,"column":null}},"7":{"start":{"line":15,"column":4},"end":{"line":18,"column":null}},"8":{"start":{"line":16,"column":6},"end":{"line":16,"column":null}},"9":{"start":{"line":17,"column":6},"end":{"line":17,"column":null}},"10":{"start":{"line":19,"column":16},"end":{"line":19,"column":null}},"11":{"start":{"line":20,"column":4},"end":{"line":23,"column":null}},"12":{"start":{"line":21,"column":6},"end":{"line":21,"column":null}},"13":{"start":{"line":22,"column":6},"end":{"line":22,"column":null}},"14":{"start":{"line":26,"column":22},"end":{"line":26,"column":null}},"15":{"start":{"line":27,"column":4},"end":{"line":33,"column":null}},"16":{"start":{"line":29,"column":6},"end":{"line":29,"column":null}},"17":{"start":{"line":30,"column":6},"end":{"line":30,"column":null}},"18":{"start":{"line":32,"column":6},"end":{"line":32,"column":null}},"19":{"start":{"line":36,"column":2},"end":{"line":90,"column":null}},"20":{"start":{"line":48,"column":31},"end":{"line":48,"column":null}},"21":{"start":{"line":58,"column":31},"end":{"line":58,"column":null}},"22":{"start":{"line":67,"column":31},"end":{"line":67,"column":null}},"23":{"start":{"line":74,"column":31},"end":{"line":74,"column":null}}},"fnMap":{"0":{"name":"Login","decl":{"start":{"line":5,"column":24},"end":{"line":5,"column":32}},"loc":{"start":{"line":5,"column":32},"end":{"line":92,"column":null}},"line":5},"1":{"name":"handleSubmit","decl":{"start":{"line":12,"column":17},"end":{"line":12,"column":30}},"loc":{"start":{"line":12,"column":50},"end":{"line":34,"column":null}},"line":12},"2":{"name":"(anonymous_2)","decl":{"start":{"line":48,"column":24},"end":{"line":48,"column":25}},"loc":{"start":{"line":48,"column":31},"end":{"line":48,"column":null}},"line":48},"3":{"name":"(anonymous_3)","decl":{"start":{"line":58,"column":24},"end":{"line":58,"column":25}},"loc":{"start":{"line":58,"column":31},"end":{"line":58,"column":null}},"line":58},"4":{"name":"(anonymous_4)","decl":{"start":{"line":67,"column":25},"end":{"line":67,"column":31}},"loc":{"start":{"line":67,"column":31},"end":{"line":67,"column":null}},"line":67},"5":{"name":"(anonymous_5)","decl":{"start":{"line":74,"column":25},"end":{"line":74,"column":31}},"loc":{"start":{"line":74,"column":31},"end":{"line":74,"column":null}},"line":74}},"branchMap":{"0":{"loc":{"start":{"line":15,"column":4},"end":{"line":18,"column":null}},"type":"if","locations":[{"start":{"line":15,"column":4},"end":{"line":18,"column":null}},{"start":{},"end":{}}],"line":15},"1":{"loc":{"start":{"line":15,"column":8},"end":{"line":15,"column":38}},"type":"binary-expr","locations":[{"start":{"line":15,"column":8},"end":{"line":15,"column":18}},{"start":{"line":15,"column":18},"end":{"line":15,"column":31}},{"start":{"line":15,"column":31},"end":{"line":15,"column":38}}],"line":15},"2":{"loc":{"start":{"line":20,"column":4},"end":{"line":23,"column":null}},"type":"if","locations":[{"start":{"line":20,"column":4},"end":{"line":23,"column":null}},{"start":{},"end":{}}],"line":20},"3":{"loc":{"start":{"line":21,"column":15},"end":{"line":21,"column":49}},"type":"binary-expr","locations":[{"start":{"line":21,"column":15},"end":{"line":21,"column":28}},{"start":{"line":21,"column":28},"end":{"line":21,"column":49}}],"line":21},"4":{"loc":{"start":{"line":27,"column":4},"end":{"line":33,"column":null}},"type":"if","locations":[{"start":{"line":27,"column":4},"end":{"line":33,"column":null}},{"start":{"line":31,"column":11},"end":{"line":33,"column":null}}],"line":27},"5":{"loc":{"start":{"line":66,"column":27},"end":{"line":66,"column":null}},"type":"cond-expr","locations":[{"start":{"line":66,"column":45},"end":{"line":66,"column":53}},{"start":{"line":66,"column":53},"end":{"line":66,"column":null}}],"line":66},"6":{"loc":{"start":{"line":73,"column":27},"end":{"line":73,"column":null}},"type":"cond-expr","locations":[{"start":{"line":73,"column":46},"end":{"line":73,"column":54}},{"start":{"line":73,"column":54},"end":{"line":73,"column":null}}],"line":73},"7":{"loc":{"start":{"line":80,"column":11},"end":{"line":80,"column":null}},"type":"binary-expr","locations":[{"start":{"line":80,"column":11},"end":{"line":80,"column":20}},{"start":{"line":80,"column":20},"end":{"line":80,"column":null}}],"line":80}},"s":{"0":160,"1":160,"2":160,"3":160,"4":160,"5":5,"6":5,"7":5,"8":1,"9":1,"10":4,"11":4,"12":1,"13":1,"14":3,"15":3,"16":1,"17":1,"18":2,"19":160,"20":80,"21":57,"22":5,"23":1},"f":{"0":160,"1":5,"2":80,"3":57,"4":5,"5":1},"b":{"0":[1,4],"1":[5,4,4],"2":[1,3],"3":[1,0],"4":[1,2],"5":[10,150],"6":[1,159],"7":[160,2]},"meta":{"lastBranch":8,"lastFunction":6,"lastStatement":24,"seen":{"f:5:24:5:32":0,"s:6:24:6:Infinity":0,"s:7:30:7:Infinity":1,"s:8:22:8:Infinity":2,"s:9:24:9:Infinity":3,"s:10:8:10:Infinity":4,"f:12:17:12:30":1,"s:13:4:13:Infinity":5,"s:14:4:14:Infinity":6,"b:15:4:18:Infinity:undefined:undefined:undefined:undefined":0,"s:15:4:18:Infinity":7,"b:15:8:15:18:15:18:15:31:15:31:15:38":1,"s:16:6:16:Infinity":8,"s:17:6:17:Infinity":9,"s:19:16:19:Infinity":10,"b:20:4:23:Infinity:undefined:undefined:undefined:undefined":2,"s:20:4:23:Infinity":11,"s:21:6:21:Infinity":12,"b:21:15:21:28:21:28:21:49":3,"s:22:6:22:Infinity":13,"s:26:22:26:Infinity":14,"b:27:4:33:Infinity:31:11:33:Infinity":4,"s:27:4:33:Infinity":15,"s:29:6:29:Infinity":16,"s:30:6:30:Infinity":17,"s:32:6:32:Infinity":18,"s:36:2:90:Infinity":19,"f:48:24:48:25":2,"s:48:31:48:Infinity":20,"f:58:24:58:25":3,"s:58:31:58:Infinity":21,"b:66:45:66:53:66:53:66:Infinity":5,"f:67:25:67:31":4,"s:67:31:67:Infinity":22,"b:73:46:73:54:73:54:73:Infinity":6,"f:74:25:74:31":5,"s:74:31:74:Infinity":23,"b:80:11:80:20:80:20:80:Infinity":7}}}
,"/Users/mac/Documents/TUS/Agile Build & Delivery/campus-event-planner/frontend/src/pages/Register.tsx": {"path":"/Users/mac/Documents/TUS/Agile Build & Delivery/campus-event-planner/frontend/src/pages/Register.tsx","statementMap":{"0":{"start":{"line":6,"column":22},"end":{"line":6,"column":null}},"1":{"start":{"line":7,"column":24},"end":{"line":7,"column":null}},"2":{"start":{"line":8,"column":30},"end":{"line":8,"column":null}},"3":{"start":{"line":9,"column":24},"end":{"line":9,"column":null}},"4":{"start":{"line":10,"column":8},"end":{"line":10,"column":null}},"5":{"start":{"line":13,"column":4},"end":{"line":13,"column":null}},"6":{"start":{"line":14,"column":4},"end":{"line":14,"column":null}},"7":{"start":{"line":15,"column":4},"end":{"line":18,"column":null}},"8":{"start":{"line":16,"column":6},"end":{"line":16,"column":null}},"9":{"start":{"line":17,"column":6},"end":{"line":17,"column":null}},"10":{"start":{"line":19,"column":16},"end":{"line":19,"column":null}},"11":{"start":{"line":20,"column":4},"end":{"line":23,"column":null}},"12":{"start":{"line":21,"column":6},"end":{"line":21,"column":null}},"13":{"start":{"line":22,"column":6},"end":{"line":22,"column":null}},"14":{"start":{"line":25,"column":4},"end":{"line":25,"column":null}},"15":{"start":{"line":27,"column":4},"end":{"line":27,"column":null}},"16":{"start":{"line":30,"column":2},"end":{"line":63,"column":null}},"17":{"start":{"line":37,"column":77},"end":{"line":37,"column":102}},"18":{"start":{"line":45,"column":29},"end":{"line":45,"column":null}},"19":{"start":{"line":55,"column":29},"end":{"line":55,"column":null}}},"fnMap":{"0":{"name":"Register","decl":{"start":{"line":5,"column":24},"end":{"line":5,"column":35}},"loc":{"start":{"line":5,"column":35},"end":{"line":65,"column":null}},"line":5},"1":{"name":"handleSubmit","decl":{"start":{"line":12,"column":17},"end":{"line":12,"column":30}},"loc":{"start":{"line":12,"column":50},"end":{"line":28,"column":null}},"line":12},"2":{"name":"(anonymous_2)","decl":{"start":{"line":37,"column":70},"end":{"line":37,"column":71}},"loc":{"start":{"line":37,"column":77},"end":{"line":37,"column":102}},"line":37},"3":{"name":"(anonymous_3)","decl":{"start":{"line":45,"column":22},"end":{"line":45,"column":23}},"loc":{"start":{"line":45,"column":29},"end":{"line":45,"column":null}},"line":45},"4":{"name":"(anonymous_4)","decl":{"start":{"line":55,"column":22},"end":{"line":55,"column":23}},"loc":{"start":{"line":55,"column":29},"end":{"line":55,"column":null}},"line":55}},"branchMap":{"0":{"loc":{"start":{"line":15,"column":4},"end":{"line":18,"column":null}},"type":"if","locations":[{"start":{"line":15,"column":4},"end":{"line":18,"column":null}},{"start":{},"end":{}}],"line":15},"1":{"loc":{"start":{"line":15,"column":8},"end":{"line":15,"column":38}},"type":"binary-expr","locations":[{"start":{"line":15,"column":8},"end":{"line":15,"column":17}},{"start":{"line":15,"column":17},"end":{"line":15,"column":27}},{"start":{"line":15,"column":27},"end":{"line":15,"column":38}}],"line":15},"2":{"loc":{"start":{"line":20,"column":4},"end":{"line":23,"column":null}},"type":"if","locations":[{"start":{"line":20,"column":4},"end":{"line":23,"column":null}},{"start":{},"end":{}}],"line":20},"3":{"loc":{"start":{"line":21,"column":15},"end":{"line":21,"column":48}},"type":"binary-expr","locations":[{"start":{"line":21,"column":15},"end":{"line":21,"column":28}},{"start":{"line":21,"column":28},"end":{"line":21,"column":48}}],"line":21},"4":{"loc":{"start":{"line":58,"column":9},"end":{"line":58,"column":null}},"type":"binary-expr","locations":[{"start":{"line":58,"column":9},"end":{"line":58,"column":18}},{"start":{"line":58,"column":18},"end":{"line":58,"column":null}}],"line":58}},"s":{"0":162,"1":162,"2":162,"3":162,"4":162,"5":4,"6":4,"7":4,"8":1,"9":1,"10":3,"11":3,"12":1,"13":1,"14":2,"15":2,"16":162,"17":36,"18":68,"19":44},"f":{"0":162,"1":4,"2":36,"3":68,"4":44},"b":{"0":[1,3],"1":[4,3,3],"2":[1,2],"3":[1,0],"4":[162,2]},"meta":{"lastBranch":5,"lastFunction":5,"lastStatement":20,"seen":{"f:5:24:5:35":0,"s:6:22:6:Infinity":0,"s:7:24:7:Infinity":1,"s:8:30:8:Infinity":2,"s:9:24:9:Infinity":3,"s:10:8:10:Infinity":4,"f:12:17:12:30":1,"s:13:4:13:Infinity":5,"s:14:4:14:Infinity":6,"b:15:4:18:Infinity:undefined:undefined:undefined:undefined":0,"s:15:4:18:Infinity":7,"b:15:8:15:17:15:17:15:27:15:27:15:38":1,"s:16:6:16:Infinity":8,"s:17:6:17:Infinity":9,"s:19:16:19:Infinity":10,"b:20:4:23:Infinity:undefined:undefined:undefined:undefined":2,"s:20:4:23:Infinity":11,"s:21:6:21:Infinity":12,"b:21:15:21:28:21:28:21:48":3,"s:22:6:22:Infinity":13,"s:25:4:25:Infinity":14,"s:27:4:27:Infinity":15,"s:30:2:63:Infinity":16,"f:37:70:37:71":2,"s:37:77:37:102":17,"f:45:22:45:23":3,"s:45:29:45:Infinity":18,"f:55:22:55:23":4,"s:55:29:55:Infinity":19,"b:58:9:58:18:58:18:58:Infinity":4}}}
}
