TN:
SF:src/api.ts
FN:22,checkBackendHealth
FN:39,getAuthToken
FN:44,setAuthToken
FN:49,removeAuthToken
FN:54,handleApiError
FN:70,handleNetworkError
FN:80,backendToFrontendEvent
FN:99,(anonymous_7)
FN:106,frontendToBackendEvent
FN:146,register
FN:174,login
FN:215,logout
FN:219,getAuthTokenFromStorage
FN:223,updatePassword
FN:263,getUserProfile
FN:297,updateUserProfile
FN:332,getEvents
FN:365,getEvent
FN:392,createEvent
FN:458,updateEvent
FN:540,deleteEvent
FN:580,registerForEvent
FN:608,unregisterFromEvent
FN:635,checkEventRegistration
FN:662,getEventRegistrationCount
FNF:25
FNH:24
FNDA:3,checkBackendHealth
FNDA:21,getAuthToken
FNDA:1,setAuthToken
FNDA:1,removeAuthToken
FNDA:4,handleApiError
FNDA:3,handleNetworkError
FNDA:3,backendToFrontendEvent
FNDA:0,(anonymous_7)
FNDA:2,frontendToBackendEvent
FNDA:3,register
FNDA:3,login
FNDA:1,logout
FNDA:2,getAuthTokenFromStorage
FNDA:3,updatePassword
FNDA:2,getUserProfile
FNDA:2,updateUserProfile
FNDA:3,getEvents
FNDA:2,getEvent
FNDA:2,createEvent
FNDA:2,updateEvent
FNDA:2,deleteEvent
FNDA:2,registerForEvent
FNDA:2,unregisterFromEvent
FNDA:2,checkEventRegistration
FNDA:2,getEventRegistrationCount
DA:2,1
DA:23,3
DA:24,3
DA:31,2
DA:33,1
DA:34,1
DA:40,21
DA:45,1
DA:50,1
DA:58,4
DA:59,4
DA:60,4
DA:61,4
DA:63,0
DA:66,0
DA:72,3
DA:75,3
DA:76,3
DA:82,3
DA:84,3
DA:86,3
DA:99,0
DA:113,2
DA:115,2
DA:116,2
DA:118,0
DA:123,2
DA:124,2
DA:125,2
DA:127,2
DA:151,3
DA:152,3
DA:160,2
DA:161,1
DA:165,1
DA:168,1
DA:170,1
DA:184,3
DA:185,3
DA:193,3
DA:194,1
DA:195,1
DA:198,2
DA:199,2
DA:200,1
DA:201,1
DA:209,1
DA:211,0
DA:216,1
DA:220,2
DA:226,3
DA:227,3
DA:228,1
DA:231,2
DA:232,2
DA:241,2
DA:242,1
DA:246,1
DA:249,1
DA:251,0
DA:268,2
DA:269,2
DA:270,1
DA:273,1
DA:274,1
DA:282,1
DA:283,0
DA:287,0
DA:290,1
DA:291,1
DA:293,0
DA:301,2
DA:302,2
DA:303,1
DA:306,1
DA:307,1
DA:316,1
DA:317,0
DA:321,0
DA:324,1
DA:326,0
DA:337,3
DA:338,3
DA:345,2
DA:346,0
DA:350,0
DA:353,2
DA:355,2
DA:356,1
DA:358,1
DA:359,1
DA:361,1
DA:368,2
DA:369,2
DA:376,2
DA:377,1
DA:381,1
DA:384,1
DA:385,1
DA:386,1
DA:388,0
DA:395,2
DA:396,2
DA:397,1
DA:400,1
DA:401,1
DA:404,1
DA:418,2
DA:419,0
DA:422,1
DA:431,1
DA:432,0
DA:436,0
DA:439,1
DA:440,1
DA:441,1
DA:442,1
DA:445,0
DA:446,0
DA:447,0
DA:449,0
DA:451,0
DA:452,0
DA:454,0
DA:462,2
DA:463,2
DA:464,1
DA:467,1
DA:468,1
DA:472,1
DA:486,2
DA:487,0
DA:491,1
DA:492,0
DA:498,0
DA:501,1
DA:502,1
DA:504,1
DA:513,1
DA:515,0
DA:521,0
DA:522,0
DA:523,0
DA:524,0
DA:525,0
DA:528,0
DA:531,0
DA:534,1
DA:536,0
DA:543,2
DA:544,2
DA:545,1
DA:548,1
DA:549,1
DA:557,1
DA:558,0
DA:562,0
DA:565,1
DA:567,0
DA:581,2
DA:582,2
DA:583,2
DA:584,1
DA:587,1
DA:596,1
DA:597,0
DA:598,0
DA:601,1
DA:602,1
DA:604,0
DA:609,2
DA:610,2
DA:611,2
DA:612,1
DA:615,1
DA:623,1
DA:624,0
DA:625,0
DA:628,1
DA:629,1
DA:631,0
DA:636,2
DA:637,2
DA:638,2
DA:639,1
DA:642,1
DA:650,1
DA:651,0
DA:652,0
DA:655,1
DA:656,1
DA:658,0
DA:663,2
DA:664,2
DA:671,1
DA:672,0
DA:673,0
DA:676,1
DA:677,1
DA:679,1
LF:200
LH:149
BRDA:2,0,0,1
BRDA:2,0,1,1
BRDA:58,1,0,4
BRDA:58,1,1,0
BRDA:61,2,0,4
BRDA:61,2,1,0
BRDA:72,3,0,3
BRDA:72,3,1,0
BRDA:97,4,0,3
BRDA:97,4,1,3
BRDA:99,5,0,0
BRDA:99,5,1,3
BRDA:99,6,0,0
BRDA:99,6,1,0
BRDA:100,7,0,3
BRDA:100,7,1,0
BRDA:113,8,0,2
BRDA:113,8,1,0
BRDA:123,9,0,2
BRDA:123,9,1,0
BRDA:124,10,0,2
BRDA:124,10,1,0
BRDA:125,11,0,2
BRDA:125,11,1,0
BRDA:132,12,0,2
BRDA:132,12,1,2
BRDA:133,13,0,2
BRDA:133,13,1,2
BRDA:134,14,0,2
BRDA:134,14,1,2
BRDA:136,15,0,2
BRDA:136,15,1,2
BRDA:139,16,0,0
BRDA:139,16,1,2
BRDA:139,17,0,2
BRDA:139,17,1,2
BRDA:140,18,0,2
BRDA:140,18,1,0
BRDA:160,19,0,1
BRDA:160,19,1,1
BRDA:193,20,0,1
BRDA:193,20,1,2
BRDA:199,21,0,1
BRDA:199,21,1,1
BRDA:204,22,0,1
BRDA:204,22,1,0
BRDA:205,23,0,1
BRDA:205,23,1,0
BRDA:227,24,0,1
BRDA:227,24,1,2
BRDA:241,25,0,1
BRDA:241,25,1,1
BRDA:269,26,0,1
BRDA:269,26,1,1
BRDA:282,27,0,0
BRDA:282,27,1,1
BRDA:302,28,0,1
BRDA:302,28,1,1
BRDA:316,29,0,0
BRDA:316,29,1,1
BRDA:345,30,0,0
BRDA:345,30,1,2
BRDA:355,31,0,1
BRDA:355,31,1,1
BRDA:355,32,0,2
BRDA:355,32,1,1
BRDA:376,33,0,1
BRDA:376,33,1,1
BRDA:396,34,0,1
BRDA:396,34,1,1
BRDA:405,35,0,1
BRDA:405,35,1,0
BRDA:406,36,0,2
BRDA:406,36,1,0
BRDA:407,37,0,2
BRDA:407,37,1,0
BRDA:409,38,0,2
BRDA:409,38,1,1
BRDA:410,39,0,2
BRDA:410,39,1,1
BRDA:411,40,0,2
BRDA:411,40,1,1
BRDA:412,41,0,2
BRDA:412,41,1,0
BRDA:413,42,0,2
BRDA:413,42,1,0
BRDA:414,43,0,2
BRDA:414,43,1,1
BRDA:418,44,0,0
BRDA:418,44,1,2
BRDA:418,45,0,2
BRDA:418,45,1,0
BRDA:431,46,0,0
BRDA:431,46,1,1
BRDA:440,47,0,1
BRDA:440,47,1,0
BRDA:447,48,0,0
BRDA:447,48,1,0
BRDA:447,49,0,0
BRDA:447,49,1,0
BRDA:447,49,2,0
BRDA:463,50,0,1
BRDA:463,50,1,1
BRDA:473,51,0,1
BRDA:473,51,1,0
BRDA:474,52,0,2
BRDA:474,52,1,0
BRDA:475,53,0,2
BRDA:475,53,1,0
BRDA:477,54,0,2
BRDA:477,54,1,1
BRDA:478,55,0,2
BRDA:478,55,1,1
BRDA:479,56,0,2
BRDA:479,56,1,1
BRDA:480,57,0,2
BRDA:480,57,1,0
BRDA:481,58,0,2
BRDA:481,58,1,0
BRDA:482,59,0,2
BRDA:482,59,1,1
BRDA:486,60,0,0
BRDA:486,60,1,2
BRDA:486,61,0,2
BRDA:486,61,1,0
BRDA:491,62,0,0
BRDA:491,62,1,1
BRDA:491,63,0,1
BRDA:491,63,1,1
BRDA:491,63,2,1
BRDA:491,63,3,1
BRDA:513,64,0,0
BRDA:513,64,1,1
BRDA:524,65,0,0
BRDA:524,65,1,0
BRDA:544,66,0,1
BRDA:544,66,1,1
BRDA:557,67,0,0
BRDA:557,67,1,1
BRDA:580,68,0,2
BRDA:583,69,0,1
BRDA:583,69,1,1
BRDA:596,70,0,0
BRDA:596,70,1,1
BRDA:611,71,0,1
BRDA:611,71,1,1
BRDA:623,72,0,0
BRDA:623,72,1,1
BRDA:638,73,0,1
BRDA:638,73,1,1
BRDA:650,74,0,0
BRDA:650,74,1,1
BRDA:671,75,0,0
BRDA:671,75,1,1
BRF:154
BRH:106
end_of_record
TN:
SF:src/auth.ts
FN:12,decodeJWT
FN:28,register
FN:32,login
FN:33,(anonymous_3)
FN:49,logout
FN:54,currentUser
FN:72,updatePassword
FNF:7
FNH:7
FNDA:3,decodeJWT
FNDA:2,register
FNDA:4,login
FNDA:4,(anonymous_3)
FNDA:1,logout
FNDA:4,currentUser
FNDA:2,updatePassword
DA:9,1
DA:10,1
DA:13,3
DA:14,3
DA:15,3
DA:17,2
DA:18,2
DA:19,2
DA:24,0
DA:29,2
DA:33,4
DA:34,4
DA:35,3
DA:36,3
DA:37,2
DA:42,2
DA:45,4
DA:50,1
DA:51,1
DA:55,4
DA:56,4
DA:57,4
DA:59,3
DA:60,3
DA:61,3
DA:62,1
DA:63,1
DA:66,1
DA:68,1
DA:73,2
LF:30
LH:29
BRDA:15,0,0,1
BRDA:15,0,1,2
BRDA:20,1,0,2
BRDA:20,1,1,0
BRDA:34,2,0,3
BRDA:34,2,1,1
BRDA:34,3,0,4
BRDA:34,3,1,3
BRDA:36,4,0,2
BRDA:36,4,1,1
BRDA:38,5,0,2
BRDA:38,5,1,0
BRDA:38,5,2,0
BRDA:40,6,0,2
BRDA:40,6,1,0
BRDA:40,6,2,0
BRDA:57,7,0,1
BRDA:57,7,1,3
BRDA:61,8,0,1
BRDA:61,8,1,2
BRF:20
BRH:15
end_of_record
TN:
SF:src/components/BookingModal.tsx
FN:13,BookingModal
FN:23,(anonymous_1)
FN:63,(anonymous_2)
FN:86,(anonymous_3)
FN:97,(anonymous_4)
FN:146,(anonymous_5)
FN:170,(anonymous_6)
FN:187,(anonymous_7)
FNF:8
FNH:5
FNDA:23,BookingModal
FNDA:4,(anonymous_1)
FNDA:0,(anonymous_2)
FNDA:1,(anonymous_3)
FNDA:5,(anonymous_4)
FNDA:0,(anonymous_5)
FNDA:2,(anonymous_6)
FNDA:0,(anonymous_7)
DA:14,23
DA:15,23
DA:16,23
DA:17,23
DA:19,23
DA:21,23
DA:23,21
DA:24,4
DA:25,0
DA:26,0
DA:30,4
DA:31,4
DA:32,0
DA:33,0
DA:37,4
DA:38,4
DA:39,0
DA:40,0
DA:43,4
DA:44,0
DA:45,0
DA:48,4
DA:49,4
DA:51,4
DA:53,4
DA:55,4
DA:56,3
DA:57,3
DA:60,3
DA:63,3
DA:64,0
DA:65,0
DA:66,0
DA:69,1
DA:71,1
DA:73,0
DA:74,0
DA:76,1
DA:78,1
DA:81,0
DA:82,0
DA:86,21
DA:87,1
DA:88,1
DA:89,1
DA:90,1
DA:93,21
DA:95,23
DA:97,5
DA:146,0
DA:171,2
DA:172,2
DA:173,2
DA:188,0
DA:189,0
LF:55
LH:37
BRDA:21,0,0,2
BRDA:21,0,1,21
BRDA:21,1,0,23
BRDA:21,1,1,22
BRDA:24,2,0,0
BRDA:24,2,1,4
BRDA:24,3,0,4
BRDA:24,3,1,4
BRDA:31,4,0,0
BRDA:31,4,1,4
BRDA:37,5,0,4
BRDA:37,5,1,0
BRDA:37,6,0,4
BRDA:37,6,1,0
BRDA:38,7,0,0
BRDA:38,7,1,4
BRDA:43,8,0,0
BRDA:43,8,1,4
BRDA:55,9,0,3
BRDA:55,9,1,1
BRDA:69,10,0,1
BRDA:69,10,1,0
BRDA:71,11,0,0
BRDA:71,11,1,1
BRDA:71,12,0,1
BRDA:71,12,1,1
BRDA:71,12,2,1
BRDA:71,12,3,1
BRDA:93,13,0,21
BRDA:93,13,1,21
BRDA:93,13,2,21
BRDA:119,14,0,23
BRDA:119,14,1,21
BRDA:121,15,0,23
BRDA:121,15,1,21
BRDA:126,16,0,23
BRDA:126,16,1,21
BRDA:128,17,0,21
BRDA:128,17,1,0
BRDA:147,18,0,23
BRDA:147,18,1,2
BRDA:155,19,0,2
BRDA:155,19,1,19
BRDA:155,20,0,23
BRDA:155,20,1,2
BRDA:168,21,0,23
BRDA:168,21,1,0
BRDA:168,22,0,23
BRDA:168,22,1,0
BRDA:171,23,0,2
BRDA:171,23,1,0
BRDA:172,24,0,2
BRDA:172,24,1,0
BRDA:172,25,0,2
BRDA:172,25,1,0
BRDA:188,26,0,0
BRDA:188,26,1,0
BRDA:188,27,0,0
BRDA:188,27,1,0
BRDA:191,28,0,23
BRDA:191,28,1,20
BRDA:191,29,0,23
BRDA:191,29,1,0
BRDA:191,30,0,23
BRDA:191,30,1,0
BRDA:199,31,0,16
BRDA:199,31,1,5
BRDA:199,32,0,23
BRDA:199,32,1,20
BRDA:199,33,0,23
BRDA:199,33,1,0
BRDA:199,34,0,23
BRDA:199,34,1,0
BRDA:210,35,0,23
BRDA:210,35,1,21
BRDA:212,36,0,21
BRDA:212,36,1,0
BRDA:218,37,0,23
BRDA:218,37,1,21
BRDA:227,38,0,21
BRDA:227,38,1,2
BRDA:237,39,0,23
BRDA:237,39,1,3
BRDA:253,40,0,3
BRDA:253,40,1,0
BRDA:261,41,0,23
BRDA:261,41,1,1
BRDA:282,42,0,3
BRDA:282,42,1,18
BRDA:288,43,0,23
BRDA:288,43,1,17
BRDA:288,43,2,16
BRDA:290,44,0,4
BRDA:290,44,1,17
BRDA:291,45,0,1
BRDA:291,45,1,16
BRDA:292,46,0,3
BRDA:292,46,1,13
BRDA:293,47,0,11
BRDA:293,47,1,2
BRDA:298,48,0,23
BRDA:298,48,1,1
BRF:102
BRH:78
end_of_record
TN:
SF:src/components/ConfirmDialog.tsx
FN:14,ConfirmDialog
FNF:1
FNH:1
FNDA:22,ConfirmDialog
DA:24,22
DA:25,8
LF:2
LH:2
BRDA:16,0,0,22
BRDA:17,1,0,22
BRDA:20,2,0,22
BRDA:21,3,0,22
BRDA:22,4,0,22
BRDA:24,5,0,14
BRDA:24,5,1,8
BRF:7
BRH:7
end_of_record
TN:
SF:src/components/EventDetails.tsx
FN:11,EventDetails
FN:19,(anonymous_1)
FN:25,(anonymous_2)
FN:94,(anonymous_3)
FNF:4
FNH:4
FNDA:23,EventDetails
FNDA:14,(anonymous_1)
FNDA:3,(anonymous_2)
FNDA:2,(anonymous_3)
DA:12,23
DA:13,23
DA:14,23
DA:16,23
DA:19,23
DA:20,14
DA:21,13
DA:25,23
DA:26,3
DA:28,3
DA:29,3
DA:31,3
DA:32,3
DA:36,2
DA:37,3
DA:38,3
DA:39,3
DA:41,0
DA:44,0
DA:46,3
DA:50,23
DA:52,22
DA:53,23
DA:55,23
DA:95,2
LF:25
LH:23
BRDA:12,0,0,23
BRDA:12,0,1,18
BRDA:20,1,0,13
BRDA:20,1,1,1
BRDA:21,2,0,13
BRDA:21,2,1,11
BRDA:26,3,0,0
BRDA:26,3,1,3
BRDA:26,4,0,3
BRDA:26,4,1,3
BRDA:32,5,0,1
BRDA:32,5,1,2
BRDA:36,6,0,3
BRDA:36,6,1,0
BRDA:41,7,0,0
BRDA:41,7,1,0
BRDA:50,8,0,1
BRDA:50,8,1,22
BRDA:52,9,0,22
BRDA:52,9,1,7
BRDA:53,10,0,23
BRDA:53,10,1,22
BRDA:53,10,2,22
BRDA:58,11,0,1
BRDA:58,11,1,21
BRDA:58,12,0,23
BRDA:58,12,1,1
BRDA:78,13,0,1
BRDA:78,13,1,20
BRDA:78,14,0,21
BRDA:78,14,1,1
BRDA:86,15,0,23
BRDA:86,15,1,1
BRDA:94,16,0,1
BRDA:94,16,1,0
BRDA:116,17,0,22
BRDA:116,17,1,0
BRDA:118,18,0,23
BRDA:118,18,1,22
BRDA:121,19,0,23
BRDA:121,19,1,22
BRDA:123,20,0,22
BRDA:123,20,1,0
BRDA:132,21,0,23
BRDA:132,21,1,6
BRDA:135,22,0,2
BRDA:135,22,1,4
BRDA:137,23,0,6
BRDA:137,23,1,6
BRDA:137,23,2,1
BRDA:138,24,0,2
BRDA:138,24,1,4
BRDA:145,25,0,0
BRDA:145,25,1,6
BRDA:146,26,0,2
BRDA:146,26,1,4
BRDA:147,27,0,1
BRDA:147,27,1,3
BRDA:150,28,0,6
BRDA:150,28,1,2
BRDA:150,28,2,2
BRDA:156,29,0,6
BRDA:156,29,1,0
BRDA:165,30,0,23
BRDA:165,30,1,15
BRF:65
BRH:56
end_of_record
TN:
SF:src/components/EventForm.tsx
FN:4,uid
FN:8,handleImageUpload
FN:9,(anonymous_2)
FN:22,(anonymous_3)
FN:25,(anonymous_4)
FN:32,EventForm
FN:67,(anonymous_6)
FN:68,(anonymous_7)
FN:70,(anonymous_8)
FN:93,(anonymous_9)
FN:99,(anonymous_10)
FN:115,(anonymous_11)
FN:119,(anonymous_12)
FN:121,(anonymous_13)
FN:142,submit
FN:158,(anonymous_15)
FN:179,(anonymous_16)
FN:194,(anonymous_17)
FN:207,(anonymous_18)
FN:219,(anonymous_19)
FN:235,(anonymous_20)
FN:247,(anonymous_21)
FN:281,(anonymous_22)
FN:295,(anonymous_23)
FN:307,(anonymous_24)
FN:335,(anonymous_25)
FN:349,(anonymous_26)
FN:360,(anonymous_27)
FN:376,(anonymous_28)
FNF:29
FNH:20
FNDA:1,uid
FNDA:1,handleImageUpload
FNDA:1,(anonymous_2)
FNDA:1,(anonymous_3)
FNDA:0,(anonymous_4)
FNDA:97,EventForm
FNDA:3,(anonymous_6)
FNDA:3,(anonymous_7)
FNDA:1,(anonymous_8)
FNDA:4,(anonymous_9)
FNDA:12,(anonymous_10)
FNDA:0,(anonymous_11)
FNDA:0,(anonymous_12)
FNDA:0,(anonymous_13)
FNDA:2,submit
FNDA:0,(anonymous_15)
FNDA:34,(anonymous_16)
FNDA:2,(anonymous_17)
FNDA:13,(anonymous_18)
FNDA:16,(anonymous_19)
FNDA:3,(anonymous_20)
FNDA:1,(anonymous_21)
FNDA:0,(anonymous_22)
FNDA:970,(anonymous_23)
FNDA:3,(anonymous_24)
FNDA:0,(anonymous_25)
FNDA:0,(anonymous_26)
FNDA:0,(anonymous_27)
FNDA:1,(anonymous_28)
DA:5,1
DA:9,1
DA:10,1
DA:12,0
DA:13,0
DA:16,1
DA:17,0
DA:18,0
DA:21,1
DA:22,1
DA:23,1
DA:25,1
DA:26,0
DA:28,1
DA:41,97
DA:42,97
DA:43,97
DA:44,97
DA:45,97
DA:46,97
DA:47,97
DA:48,97
DA:49,97
DA:54,97
DA:55,97
DA:67,97
DA:68,3
DA:69,3
DA:70,3
DA:73,3
DA:74,0
DA:81,3
DA:82,0
DA:86,3
DA:93,97
DA:94,97
DA:97,97
DA:99,97
DA:100,12
DA:101,4
DA:102,4
DA:103,4
DA:104,4
DA:105,4
DA:108,4
DA:109,4
DA:110,4
DA:112,4
DA:113,0
DA:114,0
DA:115,0
DA:116,0
DA:119,0
DA:120,0
DA:121,0
DA:122,0
DA:125,4
DA:127,4
DA:129,8
DA:130,8
DA:131,8
DA:132,8
DA:133,8
DA:134,8
DA:135,8
DA:136,8
DA:137,8
DA:138,8
DA:143,2
DA:144,2
DA:145,2
DA:146,2
DA:147,2
DA:158,0
DA:161,2
DA:162,1
DA:163,1
DA:164,1
DA:169,97
DA:179,34
DA:194,2
DA:207,13
DA:219,16
DA:235,3
DA:248,1
DA:249,1
DA:250,1
DA:252,1
DA:253,1
DA:254,1
DA:256,0
DA:281,0
DA:296,970
DA:297,970
DA:299,970
DA:307,3
DA:335,0
DA:349,0
DA:361,0
DA:376,1
LF:100
LH:79
BRDA:10,0,0,0
BRDA:10,0,1,1
BRDA:16,1,0,0
BRDA:16,1,1,1
BRDA:69,2,0,3
BRDA:69,2,1,3
BRDA:73,3,0,0
BRDA:73,3,1,3
BRDA:81,4,0,0
BRDA:81,4,1,3
BRDA:100,5,0,4
BRDA:100,5,1,8
BRDA:101,6,0,4
BRDA:101,6,1,0
BRDA:102,7,0,4
BRDA:102,7,1,0
BRDA:103,8,0,4
BRDA:103,8,1,3
BRDA:104,9,0,4
BRDA:104,9,1,3
BRDA:106,10,0,1
BRDA:106,10,1,3
BRDA:108,11,0,4
BRDA:108,11,1,4
BRDA:109,12,0,4
BRDA:109,12,1,4
BRDA:110,13,0,4
BRDA:110,13,1,3
BRDA:112,14,0,0
BRDA:112,14,1,4
BRDA:113,15,0,0
BRDA:113,15,1,0
BRDA:127,16,0,4
BRDA:127,16,1,0
BRDA:146,17,0,0
BRDA:146,17,1,2
BRDA:146,18,0,2
BRDA:146,18,1,2
BRDA:148,19,0,2
BRDA:148,19,1,1
BRDA:151,20,0,2
BRDA:151,20,1,1
BRDA:152,21,0,2
BRDA:152,21,1,1
BRDA:153,22,0,0
BRDA:153,22,1,2
BRDA:155,23,0,2
BRDA:155,23,1,2
BRDA:156,24,0,2
BRDA:156,24,1,0
BRDA:159,25,0,1
BRDA:159,25,1,1
BRDA:159,26,0,1
BRDA:159,26,1,1
BRDA:161,27,0,1
BRDA:161,27,1,1
BRDA:161,28,0,2
BRDA:161,28,1,1
BRDA:163,29,0,1
BRDA:163,29,1,0
BRDA:163,30,0,1
BRDA:163,30,1,1
BRDA:250,31,0,0
BRDA:250,31,1,1
BRDA:257,32,0,0
BRDA:257,32,1,0
BRDA:263,33,0,97
BRDA:263,33,1,0
BRDA:270,34,0,97
BRDA:270,34,1,1
BRDA:296,35,0,970
BRDA:296,35,1,966
BRDA:297,36,0,970
BRDA:297,36,1,966
BRDA:302,37,0,4
BRDA:302,37,1,966
BRDA:302,38,0,8
BRDA:302,38,1,962
BRDA:311,39,0,4
BRDA:311,39,1,966
BRDA:318,40,0,97
BRDA:318,40,1,1
BRDA:372,41,0,97
BRDA:372,41,1,22
BRDA:382,42,0,22
BRDA:382,42,1,75
BRF:86
BRH:68
end_of_record
TN:
SF:src/components/EventList.tsx
FN:11,EventList
FN:37,askDelete
FN:44,cancelDelete
FN:49,confirmDelete
FN:58,(anonymous_4)
FN:141,(anonymous_5)
FN:150,(anonymous_6)
FNF:7
FNH:7
FNDA:17,EventList
FNDA:3,askDelete
FNDA:1,cancelDelete
FNDA:1,confirmDelete
FNDA:30,(anonymous_4)
FNDA:1,(anonymous_5)
FNDA:3,(anonymous_6)
DA:12,17
DA:13,1
DA:34,16
DA:35,16
DA:39,3
DA:40,3
DA:41,3
DA:45,1
DA:46,1
DA:50,1
DA:51,1
DA:52,1
DA:55,16
DA:59,30
DA:141,1
DA:150,3
LF:16
LH:16
BRDA:12,0,0,1
BRDA:12,0,1,16
BRDA:12,1,0,17
BRDA:12,1,1,17
BRDA:39,2,0,0
BRDA:39,2,1,3
BRDA:50,3,0,1
BRDA:50,3,1,0
BRDA:50,4,0,1
BRDA:50,4,1,1
BRDA:87,5,0,30
BRDA:87,5,1,28
BRDA:116,6,0,30
BRDA:116,6,1,28
BRDA:120,7,0,14
BRDA:120,7,1,14
BRDA:122,8,0,14
BRDA:122,8,1,0
BRDA:127,9,0,14
BRDA:127,9,1,14
BRDA:129,10,0,14
BRDA:129,10,1,0
BRDA:138,11,0,30
BRDA:138,11,1,2
BRDA:147,12,0,30
BRDA:147,12,1,18
BRF:26
BRH:22
end_of_record
TN:
SF:src/pages/Login.tsx
FN:5,Login
FN:12,handleSubmit
FN:48,(anonymous_2)
FN:58,(anonymous_3)
FN:67,(anonymous_4)
FN:74,(anonymous_5)
FNF:6
FNH:6
FNDA:160,Login
FNDA:5,handleSubmit
FNDA:80,(anonymous_2)
FNDA:57,(anonymous_3)
FNDA:5,(anonymous_4)
FNDA:1,(anonymous_5)
DA:6,160
DA:7,160
DA:8,160
DA:9,160
DA:10,160
DA:13,5
DA:14,5
DA:15,5
DA:16,1
DA:17,1
DA:19,4
DA:20,4
DA:21,1
DA:22,1
DA:26,3
DA:27,3
DA:29,1
DA:30,1
DA:32,2
DA:36,160
DA:48,80
DA:58,57
DA:67,5
DA:74,1
LF:24
LH:24
BRDA:15,0,0,1
BRDA:15,0,1,4
BRDA:15,1,0,5
BRDA:15,1,1,4
BRDA:15,1,2,4
BRDA:20,2,0,1
BRDA:20,2,1,3
BRDA:21,3,0,1
BRDA:21,3,1,0
BRDA:27,4,0,1
BRDA:27,4,1,2
BRDA:66,5,0,10
BRDA:66,5,1,150
BRDA:73,6,0,1
BRDA:73,6,1,159
BRDA:80,7,0,160
BRDA:80,7,1,2
BRF:17
BRH:16
end_of_record
TN:
SF:src/pages/Register.tsx
FN:5,Register
FN:12,handleSubmit
FN:37,(anonymous_2)
FN:45,(anonymous_3)
FN:55,(anonymous_4)
FNF:5
FNH:5
FNDA:162,Register
FNDA:4,handleSubmit
FNDA:36,(anonymous_2)
FNDA:68,(anonymous_3)
FNDA:44,(anonymous_4)
DA:6,162
DA:7,162
DA:8,162
DA:9,162
DA:10,162
DA:13,4
DA:14,4
DA:15,4
DA:16,1
DA:17,1
DA:19,3
DA:20,3
DA:21,1
DA:22,1
DA:25,2
DA:27,2
DA:30,162
DA:37,36
DA:45,68
DA:55,44
LF:20
LH:20
BRDA:15,0,0,1
BRDA:15,0,1,3
BRDA:15,1,0,4
BRDA:15,1,1,3
BRDA:15,1,2,3
BRDA:20,2,0,1
BRDA:20,2,1,2
BRDA:21,3,0,1
BRDA:21,3,1,0
BRDA:58,4,0,162
BRDA:58,4,1,2
BRF:11
BRH:10
end_of_record
